[2018-10-10 10:06:17,254][140265330569896][index.py][line: 19][INFO] ## -------开始识别-------
[2018-10-10 10:06:18,399][140265330569896][Entity_recognition.py][line: 100][INFO] ## 返回的结果：
[2018-10-10 10:06:18,400][140265330569896][Entity_recognition.py][line: 101][INFO] ## {'time': '', 'location': '', 'person': '', 'company': '', 'ID': '', 'money': '', 'state': 'success'}
[2018-10-10 10:06:18,400][140265330569896][index.py][line: 49][INFO] ## -------识别结束-------
[2018-10-10 10:06:18,634][140265330569896][index.py][line: 19][INFO] ## -------开始识别-------
[2018-10-10 10:06:18,649][140265330569896][Entity_recognition.py][line: 100][INFO] ## 返回的结果：
[2018-10-10 10:06:18,650][140265330569896][Entity_recognition.py][line: 101][INFO] ## {'time': '', 'location': '', 'person': '', 'company': '', 'ID': '', 'money': '', 'state': 'success'}
[2018-10-10 10:06:18,650][140265330569896][index.py][line: 49][INFO] ## -------识别结束-------
[2018-10-10 10:06:18,658][140265330569896][index.py][line: 19][INFO] ## -------开始识别-------
[2018-10-10 10:06:18,679][140265330569896][Entity_recognition.py][line: 100][INFO] ## 返回的结果：
[2018-10-10 10:06:18,679][140265330569896][Entity_recognition.py][line: 101][INFO] ## {'time': '下午', 'location': '', 'person': '', 'company': '', 'ID': '', 'money': '', 'state': 'success'}
[2018-10-10 10:06:18,680][140265330569896][index.py][line: 49][INFO] ## -------识别结束-------
[2018-10-10 10:06:18,683][140265330569896][index.py][line: 19][INFO] ## -------开始识别-------
[2018-10-10 10:06:18,705][140265330569896][Entity_recognition.py][line: 100][INFO] ## 返回的结果：
[2018-10-10 10:06:18,706][140265330569896][Entity_recognition.py][line: 101][INFO] ## {'time': '', 'location': '', 'person': '', 'company': '', 'ID': '', 'money': '', 'state': 'success'}
[2018-10-10 10:06:18,706][140265330569896][index.py][line: 49][INFO] ## -------识别结束-------
[2018-10-10 10:06:18,709][140265330569896][index.py][line: 19][INFO] ## -------开始识别-------
[2018-10-10 10:06:18,748][140265330569896][Entity_recognition.py][line: 100][INFO] ## 返回的结果：
[2018-10-10 10:06:18,748][140265330569896][Entity_recognition.py][line: 101][INFO] ## {'time': '一六年,十一月份', 'location': '', 'person': '杜先生', 'company': '', 'ID': '', 'money': '四千五百', 'state': 'success'}
[2018-10-10 10:06:18,748][140265330569896][index.py][line: 49][INFO] ## -------识别结束-------
[2018-10-10 10:06:18,751][140265330569896][index.py][line: 19][INFO] ## -------开始识别-------
[2018-10-10 10:06:18,777][140265330569896][Entity_recognition.py][line: 100][INFO] ## 返回的结果：
[2018-10-10 10:06:18,778][140265330569896][Entity_recognition.py][line: 101][INFO] ## {'time': '', 'location': '', 'person': '', 'company': '', 'ID': '', 'money': '', 'state': 'success'}
[2018-10-10 10:06:18,778][140265330569896][index.py][line: 49][INFO] ## -------识别结束-------
[2018-10-10 10:06:18,781][140265330569896][index.py][line: 19][INFO] ## -------开始识别-------
[2018-10-10 10:06:18,801][140265330569896][Entity_recognition.py][line: 100][INFO] ## 返回的结果：
[2018-10-10 10:06:18,801][140265330569896][Entity_recognition.py][line: 101][INFO] ## {'time': '上午', 'location': '', 'person': '', 'company': '', 'ID': '', 'money': '', 'state': 'success'}
[2018-10-10 10:06:18,801][140265330569896][index.py][line: 49][INFO] ## -------识别结束-------
[2018-10-10 10:06:18,804][140265330569896][index.py][line: 19][INFO] ## -------开始识别-------
[2018-10-10 10:06:18,820][140265330569896][Entity_recognition.py][line: 100][INFO] ## 返回的结果：
[2018-10-10 10:06:18,820][140265330569896][Entity_recognition.py][line: 101][INFO] ## {'time': '', 'location': '', 'person': '', 'company': '', 'ID': '', 'money': '', 'state': 'success'}
[2018-10-10 10:06:18,820][140265330569896][index.py][line: 49][INFO] ## -------识别结束-------
[2018-10-10 10:06:18,823][140265330569896][index.py][line: 19][INFO] ## -------开始识别-------
[2018-10-10 10:06:18,858][140265330569896][Entity_recognition.py][line: 100][INFO] ## 返回的结果：
[2018-10-10 10:06:18,858][140265330569896][Entity_recognition.py][line: 101][INFO] ## {'time': '', 'location': '', 'person': '', 'company': '', 'ID': '', 'money': '', 'state': 'success'}
[2018-10-10 10:06:18,858][140265330569896][index.py][line: 49][INFO] ## -------识别结束-------
[2018-10-10 10:06:18,862][140265330569896][index.py][line: 19][INFO] ## -------开始识别-------
[2018-10-10 10:06:18,882][140265330569896][Entity_recognition.py][line: 100][INFO] ## 返回的结果：
[2018-10-10 10:06:18,882][140265330569896][Entity_recognition.py][line: 101][INFO] ## {'time': '下午', 'location': '', 'person': '', 'company': '', 'ID': '', 'money': '', 'state': 'success'}
[2018-10-10 10:06:18,883][140265330569896][index.py][line: 49][INFO] ## -------识别结束-------
[2018-10-10 10:06:18,886][140265330569896][index.py][line: 19][INFO] ## -------开始识别-------
[2018-10-10 10:06:18,909][140265330569896][Entity_recognition.py][line: 100][INFO] ## 返回的结果：
[2018-10-10 10:06:18,909][140265330569896][Entity_recognition.py][line: 101][INFO] ## {'time': '', 'location': '', 'person': '', 'company': '', 'ID': '', 'money': '', 'state': 'success'}
[2018-10-10 10:06:18,909][140265330569896][index.py][line: 49][INFO] ## -------识别结束-------
[2018-10-10 10:06:18,912][140265330569896][index.py][line: 19][INFO] ## -------开始识别-------
[2018-10-10 10:06:18,931][140265330569896][Entity_recognition.py][line: 100][INFO] ## 返回的结果：
[2018-10-10 10:06:18,931][140265330569896][Entity_recognition.py][line: 101][INFO] ## {'time': '下午', 'location': '', 'person': '', 'company': '', 'ID': '', 'money': '', 'state': 'success'}
[2018-10-10 10:06:18,931][140265330569896][index.py][line: 49][INFO] ## -------识别结束-------
[2018-10-10 10:06:18,934][140265330569896][index.py][line: 19][INFO] ## -------开始识别-------
[2018-10-10 10:06:18,950][140265330569896][Entity_recognition.py][line: 100][INFO] ## 返回的结果：
[2018-10-10 10:06:18,950][140265330569896][Entity_recognition.py][line: 101][INFO] ## {'time': '', 'location': '', 'person': '', 'company': '', 'ID': '', 'money': '', 'state': 'success'}
[2018-10-10 10:06:18,951][140265330569896][index.py][line: 49][INFO] ## -------识别结束-------
[2018-10-10 10:06:18,954][140265330569896][index.py][line: 19][INFO] ## -------开始识别-------
[2018-10-10 10:06:18,983][140265330569896][Entity_recognition.py][line: 100][INFO] ## 返回的结果：
[2018-10-10 10:06:18,983][140265330569896][Entity_recognition.py][line: 101][INFO] ## {'time': '', 'location': '', 'person': '陈女士', 'company': '', 'ID': '', 'money': '', 'state': 'success'}
[2018-10-10 10:06:18,983][140265330569896][index.py][line: 49][INFO] ## -------识别结束-------
[2018-10-10 10:06:18,986][140265330569896][index.py][line: 19][INFO] ## -------开始识别-------
[2018-10-10 10:06:19,014][140265330569896][Entity_recognition.py][line: 100][INFO] ## 返回的结果：
[2018-10-10 10:06:19,014][140265330569896][Entity_recognition.py][line: 101][INFO] ## {'time': '', 'location': '东西西区,东方商城,西区东区', 'person': '', 'company': '', 'ID': '', 'money': '', 'state': 'success'}
[2018-10-10 10:06:19,014][140265330569896][index.py][line: 49][INFO] ## -------识别结束-------
[2018-10-10 10:06:19,018][140265330569896][index.py][line: 19][INFO] ## -------开始识别-------
[2018-10-10 10:06:19,039][140265330569896][Entity_recognition.py][line: 100][INFO] ## 返回的结果：
[2018-10-10 10:06:19,040][140265330569896][Entity_recognition.py][line: 101][INFO] ## {'time': '', 'location': '', 'person': '杨尚城', 'company': '', 'ID': '', 'money': '', 'state': 'success'}
[2018-10-10 10:06:19,040][140265330569896][index.py][line: 49][INFO] ## -------识别结束-------
[2018-10-10 10:06:19,043][140265330569896][index.py][line: 19][INFO] ## -------开始识别-------
[2018-10-10 10:06:19,075][140265330569896][Entity_recognition.py][line: 100][INFO] ## 返回的结果：
[2018-10-10 10:06:19,075][140265330569896][Entity_recognition.py][line: 101][INFO] ## {'time': '十二月份', 'location': '', 'person': '', 'company': '', 'ID': '', 'money': '', 'state': 'success'}
[2018-10-10 10:06:19,075][140265330569896][index.py][line: 49][INFO] ## -------识别结束-------
[2018-10-10 10:06:19,078][140265330569896][index.py][line: 19][INFO] ## -------开始识别-------
[2018-10-10 10:06:19,141][140265330569896][Entity_recognition.py][line: 100][INFO] ## 返回的结果：
[2018-10-10 10:06:19,141][140265330569896][Entity_recognition.py][line: 101][INFO] ## {'time': '昨天,五天之内', 'location': '', 'person': '', 'company': '', 'ID': '', 'money': '', 'state': 'success'}
[2018-10-10 10:06:19,142][140265330569896][index.py][line: 49][INFO] ## -------识别结束-------
[2018-10-10 10:06:19,145][140265330569896][index.py][line: 19][INFO] ## -------开始识别-------
[2018-10-10 10:06:19,175][140265330569896][Entity_recognition.py][line: 100][INFO] ## 返回的结果：
[2018-10-10 10:06:19,175][140265330569896][Entity_recognition.py][line: 101][INFO] ## {'time': '', 'location': '', 'person': '', 'company': '', 'ID': '', 'money': '', 'state': 'success'}
[2018-10-10 10:06:19,175][140265330569896][index.py][line: 49][INFO] ## -------识别结束-------
[2018-10-10 10:06:19,179][140265330569896][index.py][line: 19][INFO] ## -------开始识别-------
[2018-10-10 10:06:19,199][140265330569896][Entity_recognition.py][line: 100][INFO] ## 返回的结果：
[2018-10-10 10:06:19,199][140265330569896][Entity_recognition.py][line: 101][INFO] ## {'time': '', 'location': '', 'person': '', 'company': '', 'ID': '', 'money': '', 'state': 'success'}
[2018-10-10 10:06:19,199][140265330569896][index.py][line: 49][INFO] ## -------识别结束-------
[2018-10-10 10:06:19,202][140265330569896][index.py][line: 19][INFO] ## -------开始识别-------
[2018-10-10 10:06:19,234][140265330569896][Entity_recognition.py][line: 100][INFO] ## 返回的结果：
[2018-10-10 10:06:19,234][140265330569896][Entity_recognition.py][line: 101][INFO] ## {'time': '明天,三天之内,前天', 'location': '', 'person': '', 'company': '', 'ID': '', 'money': '', 'state': 'success'}
[2018-10-10 10:06:19,234][140265330569896][index.py][line: 49][INFO] ## -------识别结束-------
[2018-10-10 10:06:19,238][140265330569896][index.py][line: 19][INFO] ## -------开始识别-------
[2018-10-10 10:06:19,276][140265330569896][Entity_recognition.py][line: 100][INFO] ## 返回的结果：
[2018-10-10 10:06:19,276][140265330569896][Entity_recognition.py][line: 101][INFO] ## {'time': '明天', 'location': '', 'person': '', 'company': '', 'ID': '', 'money': '', 'state': 'success'}
[2018-10-10 10:06:19,276][140265330569896][index.py][line: 49][INFO] ## -------识别结束-------
[2018-10-10 10:06:19,280][140265330569896][index.py][line: 19][INFO] ## -------开始识别-------
[2018-10-10 10:06:19,302][140265330569896][Entity_recognition.py][line: 100][INFO] ## 返回的结果：
[2018-10-10 10:06:19,302][140265330569896][Entity_recognition.py][line: 101][INFO] ## {'time': '', 'location': '新疆,江宏路', 'person': '', 'company': '', 'ID': '', 'money': '', 'state': 'success'}
[2018-10-10 10:06:19,302][140265330569896][index.py][line: 49][INFO] ## -------识别结束-------
[2018-10-10 10:06:19,309][140265330569896][index.py][line: 19][INFO] ## -------开始识别-------
[2018-10-10 10:06:19,344][140265330569896][Entity_recognition.py][line: 100][INFO] ## 返回的结果：
[2018-10-10 10:06:19,344][140265330569896][Entity_recognition.py][line: 101][INFO] ## {'time': '', 'location': '', 'person': '', 'company': '', 'ID': '', 'money': '', 'state': 'success'}
[2018-10-10 10:06:19,344][140265330569896][index.py][line: 49][INFO] ## -------识别结束-------
[2018-10-10 10:06:19,348][140265330569896][index.py][line: 19][INFO] ## -------开始识别-------
[2018-10-10 10:06:19,377][140265330569896][Entity_recognition.py][line: 100][INFO] ## 返回的结果：
[2018-10-10 10:06:19,377][140265330569896][Entity_recognition.py][line: 101][INFO] ## {'time': '今天', 'location': '', 'person': '', 'company': '', 'ID': '', 'money': '', 'state': 'success'}
[2018-10-10 10:06:19,377][140265330569896][index.py][line: 49][INFO] ## -------识别结束-------
