[2018-10-17 10:15:10,610][139844704598472][index.py][line: 19][INFO] ## -------开始识别-------
[2018-10-17 10:15:10,650][139844704598472][Entity_recognition.py][line: 100][INFO] ## 返回的结果：
[2018-10-17 10:15:10,650][139844704598472][Entity_recognition.py][line: 101][INFO] ## {'time': '', 'location': '', 'person': '', 'company': '', 'ID': '', 'money': '', 'state': 'success'}
[2018-10-17 10:15:10,650][139844704598472][index.py][line: 49][INFO] ## -------识别结束-------
[2018-10-17 10:15:10,673][139844704598472][index.py][line: 19][INFO] ## -------开始识别-------
[2018-10-17 10:15:10,696][139844704598472][Entity_recognition.py][line: 100][INFO] ## 返回的结果：
[2018-10-17 10:15:10,696][139844704598472][Entity_recognition.py][line: 101][INFO] ## {'time': '', 'location': '', 'person': '张先生', 'company': '上海华苑银行', 'ID': '', 'money': '', 'state': 'success'}
[2018-10-17 10:15:10,696][139844704598472][index.py][line: 49][INFO] ## -------识别结束-------
[2018-10-17 10:15:10,719][139844704598472][index.py][line: 19][INFO] ## -------开始识别-------
[2018-10-17 10:15:10,749][139844704598472][Entity_recognition.py][line: 100][INFO] ## 返回的结果：
[2018-10-17 10:15:10,749][139844704598472][Entity_recognition.py][line: 101][INFO] ## {'time': '', 'location': '', 'person': '', 'company': '', 'ID': '', 'money': '', 'state': 'success'}
[2018-10-17 10:15:10,749][139844704598472][index.py][line: 49][INFO] ## -------识别结束-------
[2018-10-17 10:15:10,773][139844704598472][index.py][line: 19][INFO] ## -------开始识别-------
[2018-10-17 10:15:10,789][139844704598472][Entity_recognition.py][line: 100][INFO] ## 返回的结果：
[2018-10-17 10:15:10,790][139844704598472][Entity_recognition.py][line: 101][INFO] ## {'time': '', 'location': '', 'person': '', 'company': '', 'ID': '', 'money': '', 'state': 'success'}
[2018-10-17 10:15:10,790][139844704598472][index.py][line: 49][INFO] ## -------识别结束-------
[2018-10-17 10:15:10,811][139844704598472][index.py][line: 19][INFO] ## -------开始识别-------
[2018-10-17 10:15:10,843][139844704598472][Entity_recognition.py][line: 100][INFO] ## 返回的结果：
[2018-10-17 10:15:10,844][139844704598472][Entity_recognition.py][line: 101][INFO] ## {'time': '', 'location': '', 'person': '', 'company': '', 'ID': '', 'money': '', 'state': 'success'}
[2018-10-17 10:15:10,844][139844704598472][index.py][line: 49][INFO] ## -------识别结束-------
[2018-10-17 10:15:10,865][139844704598472][index.py][line: 19][INFO] ## -------开始识别-------
[2018-10-17 10:15:10,909][139844704598472][Entity_recognition.py][line: 100][INFO] ## 返回的结果：
[2018-10-17 10:15:10,909][139844704598472][Entity_recognition.py][line: 101][INFO] ## {'time': '', 'location': '', 'person': '', 'company': '', 'ID': '', 'money': '', 'state': 'success'}
[2018-10-17 10:15:10,909][139844704598472][index.py][line: 49][INFO] ## -------识别结束-------
[2018-10-17 10:15:10,931][139844704598472][index.py][line: 19][INFO] ## -------开始识别-------
[2018-10-17 10:15:10,953][139844704598472][Entity_recognition.py][line: 100][INFO] ## 返回的结果：
[2018-10-17 10:15:10,953][139844704598472][Entity_recognition.py][line: 101][INFO] ## {'time': '', 'location': '', 'person': '', 'company': '', 'ID': '', 'money': '', 'state': 'success'}
[2018-10-17 10:15:10,953][139844704598472][index.py][line: 49][INFO] ## -------识别结束-------
[2018-10-17 10:15:10,974][139844704598472][index.py][line: 19][INFO] ## -------开始识别-------
[2018-10-17 10:15:10,991][139844704598472][Entity_recognition.py][line: 100][INFO] ## 返回的结果：
[2018-10-17 10:15:10,991][139844704598472][Entity_recognition.py][line: 101][INFO] ## {'time': '', 'location': '', 'person': '', 'company': '', 'ID': '', 'money': '', 'state': 'success'}
[2018-10-17 10:15:10,992][139844704598472][index.py][line: 49][INFO] ## -------识别结束-------
[2018-10-17 10:15:11,013][139844704598472][index.py][line: 19][INFO] ## -------开始识别-------
[2018-10-17 10:15:11,044][139844704598472][Entity_recognition.py][line: 100][INFO] ## 返回的结果：
[2018-10-17 10:15:11,044][139844704598472][Entity_recognition.py][line: 101][INFO] ## {'time': '四五三八', 'location': '', 'person': '', 'company': '', 'ID': '四五三八', 'money': '', 'state': 'success'}
[2018-10-17 10:15:11,045][139844704598472][index.py][line: 49][INFO] ## -------识别结束-------
[2018-10-17 10:15:11,063][139844704598472][index.py][line: 19][INFO] ## -------开始识别-------
[2018-10-17 10:15:11,080][139844704598472][Entity_recognition.py][line: 100][INFO] ## 返回的结果：
[2018-10-17 10:15:11,080][139844704598472][Entity_recognition.py][line: 101][INFO] ## {'time': '', 'location': '', 'person': '', 'company': '', 'ID': '', 'money': '', 'state': 'success'}
[2018-10-17 10:15:11,080][139844704598472][index.py][line: 49][INFO] ## -------识别结束-------
[2018-10-17 10:15:11,097][139844704598472][index.py][line: 19][INFO] ## -------开始识别-------
[2018-10-17 10:15:11,120][139844704598472][Entity_recognition.py][line: 100][INFO] ## 返回的结果：
[2018-10-17 10:15:11,120][139844704598472][Entity_recognition.py][line: 101][INFO] ## {'time': '', 'location': '', 'person': '', 'company': '', 'ID': '', 'money': '', 'state': 'success'}
[2018-10-17 10:15:11,120][139844704598472][index.py][line: 49][INFO] ## -------识别结束-------
[2018-10-17 10:15:11,135][139844704598472][index.py][line: 19][INFO] ## -------开始识别-------
[2018-10-17 10:15:11,179][139844704598472][Entity_recognition.py][line: 100][INFO] ## 返回的结果：
[2018-10-17 10:15:11,179][139844704598472][Entity_recognition.py][line: 101][INFO] ## {'time': '', 'location': '', 'person': '', 'company': '', 'ID': '', 'money': '一千三百一十六', 'state': 'success'}
[2018-10-17 10:15:11,180][139844704598472][index.py][line: 49][INFO] ## -------识别结束-------
[2018-10-17 10:15:11,194][139844704598472][index.py][line: 19][INFO] ## -------开始识别-------
[2018-10-17 10:15:11,222][139844704598472][Entity_recognition.py][line: 100][INFO] ## 返回的结果：
[2018-10-17 10:15:11,222][139844704598472][Entity_recognition.py][line: 101][INFO] ## {'time': '二十三个月', 'location': '', 'person': '', 'company': '', 'ID': '', 'money': '', 'state': 'success'}
[2018-10-17 10:15:11,223][139844704598472][index.py][line: 49][INFO] ## -------识别结束-------
[2018-10-17 10:15:11,236][139844704598472][index.py][line: 19][INFO] ## -------开始识别-------
[2018-10-17 10:15:11,258][139844704598472][Entity_recognition.py][line: 100][INFO] ## 返回的结果：
[2018-10-17 10:15:11,258][139844704598472][Entity_recognition.py][line: 101][INFO] ## {'time': '二十三个月', 'location': '', 'person': '', 'company': '', 'ID': '', 'money': '', 'state': 'success'}
[2018-10-17 10:15:11,258][139844704598472][index.py][line: 49][INFO] ## -------识别结束-------
[2018-10-17 10:15:11,272][139844704598472][index.py][line: 19][INFO] ## -------开始识别-------
[2018-10-17 10:15:11,291][139844704598472][Entity_recognition.py][line: 100][INFO] ## 返回的结果：
[2018-10-17 10:15:11,291][139844704598472][Entity_recognition.py][line: 101][INFO] ## {'time': '三个月', 'location': '', 'person': '', 'company': '', 'ID': '', 'money': '', 'state': 'success'}
[2018-10-17 10:15:11,291][139844704598472][index.py][line: 49][INFO] ## -------识别结束-------
[2018-10-17 10:15:11,350][139844704598472][index.py][line: 19][INFO] ## -------开始识别-------
[2018-10-17 10:15:11,390][139844704598472][Entity_recognition.py][line: 100][INFO] ## 返回的结果：
[2018-10-17 10:15:11,390][139844704598472][Entity_recognition.py][line: 101][INFO] ## {'time': '一年', 'location': '', 'person': '', 'company': '', 'ID': '', 'money': '', 'state': 'success'}
[2018-10-17 10:15:11,391][139844704598472][index.py][line: 49][INFO] ## -------识别结束-------
[2018-10-17 10:15:11,405][139844704598472][index.py][line: 19][INFO] ## -------开始识别-------
[2018-10-17 10:15:11,492][139844704598472][Entity_recognition.py][line: 100][INFO] ## 返回的结果：
[2018-10-17 10:15:11,492][139844704598472][Entity_recognition.py][line: 101][INFO] ## {'time': '', 'location': '', 'person': '', 'company': '', 'ID': '', 'money': '', 'state': 'success'}
[2018-10-17 10:15:11,492][139844704598472][index.py][line: 49][INFO] ## -------识别结束-------
[2018-10-17 10:15:11,506][139844704598472][index.py][line: 19][INFO] ## -------开始识别-------
[2018-10-17 10:15:11,549][139844704598472][Entity_recognition.py][line: 100][INFO] ## 返回的结果：
[2018-10-17 10:15:11,550][139844704598472][Entity_recognition.py][line: 101][INFO] ## {'time': '七十一年', 'location': '', 'person': '', 'company': '', 'ID': '', 'money': '', 'state': 'success'}
[2018-10-17 10:15:11,550][139844704598472][index.py][line: 49][INFO] ## -------识别结束-------
[2018-10-17 10:15:11,564][139844704598472][index.py][line: 19][INFO] ## -------开始识别-------
[2018-10-17 10:15:11,639][139844704598472][Entity_recognition.py][line: 100][INFO] ## 返回的结果：
[2018-10-17 10:15:11,639][139844704598472][Entity_recognition.py][line: 101][INFO] ## {'time': '一年后', 'location': '', 'person': '', 'company': '', 'ID': '', 'money': '', 'state': 'success'}
[2018-10-17 10:15:11,639][139844704598472][index.py][line: 49][INFO] ## -------识别结束-------
[2018-10-17 10:15:11,654][139844704598472][index.py][line: 19][INFO] ## -------开始识别-------
[2018-10-17 10:15:11,673][139844704598472][Entity_recognition.py][line: 100][INFO] ## 返回的结果：
[2018-10-17 10:15:11,674][139844704598472][Entity_recognition.py][line: 101][INFO] ## {'time': '', 'location': '', 'person': '', 'company': '', 'ID': '', 'money': '', 'state': 'success'}
[2018-10-17 10:15:11,674][139844704598472][index.py][line: 49][INFO] ## -------识别结束-------
[2018-10-17 10:15:11,688][139844704598472][index.py][line: 19][INFO] ## -------开始识别-------
[2018-10-17 10:15:11,708][139844704598472][Entity_recognition.py][line: 100][INFO] ## 返回的结果：
[2018-10-17 10:15:11,708][139844704598472][Entity_recognition.py][line: 101][INFO] ## {'time': '', 'location': '', 'person': '', 'company': '', 'ID': '', 'money': '', 'state': 'success'}
[2018-10-17 10:15:11,708][139844704598472][index.py][line: 49][INFO] ## -------识别结束-------
[2018-10-17 10:15:11,722][139844704598472][index.py][line: 19][INFO] ## -------开始识别-------
[2018-10-17 10:15:11,754][139844704598472][Entity_recognition.py][line: 100][INFO] ## 返回的结果：
[2018-10-17 10:15:11,755][139844704598472][Entity_recognition.py][line: 101][INFO] ## {'time': '', 'location': '上海', 'person': '', 'company': '', 'ID': '', 'money': '', 'state': 'success'}
[2018-10-17 10:15:11,755][139844704598472][index.py][line: 49][INFO] ## -------识别结束-------
[2018-10-17 10:15:11,770][139844704598472][index.py][line: 19][INFO] ## -------开始识别-------
[2018-10-17 10:15:11,788][139844704598472][Entity_recognition.py][line: 100][INFO] ## 返回的结果：
[2018-10-17 10:15:11,788][139844704598472][Entity_recognition.py][line: 101][INFO] ## {'time': '', 'location': '', 'person': '', 'company': '', 'ID': '', 'money': '', 'state': 'success'}
[2018-10-17 10:15:11,788][139844704598472][index.py][line: 49][INFO] ## -------识别结束-------
[2018-10-17 10:15:11,802][139844704598472][index.py][line: 19][INFO] ## -------开始识别-------
[2018-10-17 10:15:11,824][139844704598472][Entity_recognition.py][line: 100][INFO] ## 返回的结果：
[2018-10-17 10:15:11,824][139844704598472][Entity_recognition.py][line: 101][INFO] ## {'time': '', 'location': '', 'person': '', 'company': '', 'ID': '', 'money': '', 'state': 'success'}
[2018-10-17 10:15:11,825][139844704598472][index.py][line: 49][INFO] ## -------识别结束-------
[2018-10-17 10:15:11,838][139844704598472][index.py][line: 19][INFO] ## -------开始识别-------
[2018-10-17 10:15:11,858][139844704598472][Entity_recognition.py][line: 100][INFO] ## 返回的结果：
[2018-10-17 10:15:11,858][139844704598472][Entity_recognition.py][line: 101][INFO] ## {'time': '', 'location': '', 'person': '', 'company': '', 'ID': '', 'money': '', 'state': 'success'}
[2018-10-17 10:15:11,858][139844704598472][index.py][line: 49][INFO] ## -------识别结束-------
[2018-10-17 10:15:11,872][139844704598472][index.py][line: 19][INFO] ## -------开始识别-------
[2018-10-17 10:15:11,889][139844704598472][Entity_recognition.py][line: 100][INFO] ## 返回的结果：
[2018-10-17 10:15:11,890][139844704598472][Entity_recognition.py][line: 101][INFO] ## {'time': '', 'location': '', 'person': '', 'company': '', 'ID': '', 'money': '', 'state': 'success'}
[2018-10-17 10:15:11,890][139844704598472][index.py][line: 49][INFO] ## -------识别结束-------
[2018-10-17 10:15:11,904][139844704598472][index.py][line: 19][INFO] ## -------开始识别-------
[2018-10-17 10:15:11,921][139844704598472][Entity_recognition.py][line: 100][INFO] ## 返回的结果：
[2018-10-17 10:15:11,921][139844704598472][Entity_recognition.py][line: 101][INFO] ## {'time': '', 'location': '', 'person': '', 'company': '', 'ID': '', 'money': '', 'state': 'success'}
[2018-10-17 10:15:11,921][139844704598472][index.py][line: 49][INFO] ## -------识别结束-------
[2018-10-17 10:15:11,936][139844704598472][index.py][line: 19][INFO] ## -------开始识别-------
[2018-10-17 10:15:11,953][139844704598472][Entity_recognition.py][line: 100][INFO] ## 返回的结果：
[2018-10-17 10:15:11,953][139844704598472][Entity_recognition.py][line: 101][INFO] ## {'time': '', 'location': '', 'person': '', 'company': '', 'ID': '', 'money': '', 'state': 'success'}
[2018-10-17 10:15:11,953][139844704598472][index.py][line: 49][INFO] ## -------识别结束-------
[2018-10-17 10:15:11,967][139844704598472][index.py][line: 19][INFO] ## -------开始识别-------
[2018-10-17 10:15:11,996][139844704598472][Entity_recognition.py][line: 100][INFO] ## 返回的结果：
[2018-10-17 10:15:11,996][139844704598472][Entity_recognition.py][line: 101][INFO] ## {'time': '', 'location': '', 'person': '', 'company': '', 'ID': '', 'money': '', 'state': 'success'}
[2018-10-17 10:15:11,996][139844704598472][index.py][line: 49][INFO] ## -------识别结束-------
[2018-10-17 10:15:12,010][139844704598472][index.py][line: 19][INFO] ## -------开始识别-------
[2018-10-17 10:15:12,033][139844704598472][Entity_recognition.py][line: 100][INFO] ## 返回的结果：
[2018-10-17 10:15:12,033][139844704598472][Entity_recognition.py][line: 101][INFO] ## {'time': '', 'location': '', 'person': '', 'company': '', 'ID': '', 'money': '', 'state': 'success'}
[2018-10-17 10:15:12,033][139844704598472][index.py][line: 49][INFO] ## -------识别结束-------
[2018-10-17 10:15:12,047][139844704598472][index.py][line: 19][INFO] ## -------开始识别-------
[2018-10-17 10:15:12,069][139844704598472][Entity_recognition.py][line: 100][INFO] ## 返回的结果：
[2018-10-17 10:15:12,070][139844704598472][Entity_recognition.py][line: 101][INFO] ## {'time': '', 'location': '', 'person': '', 'company': '', 'ID': '', 'money': '', 'state': 'success'}
[2018-10-17 10:15:12,070][139844704598472][index.py][line: 49][INFO] ## -------识别结束-------
[2018-10-17 10:15:12,084][139844704598472][index.py][line: 19][INFO] ## -------开始识别-------
[2018-10-17 10:15:12,102][139844704598472][Entity_recognition.py][line: 100][INFO] ## 返回的结果：
[2018-10-17 10:15:12,103][139844704598472][Entity_recognition.py][line: 101][INFO] ## {'time': '', 'location': '', 'person': '', 'company': '', 'ID': '', 'money': '', 'state': 'success'}
[2018-10-17 10:15:12,103][139844704598472][index.py][line: 49][INFO] ## -------识别结束-------
[2018-10-17 10:15:12,117][139844704598472][index.py][line: 19][INFO] ## -------开始识别-------
[2018-10-17 10:15:12,149][139844704598472][Entity_recognition.py][line: 100][INFO] ## 返回的结果：
[2018-10-17 10:15:12,149][139844704598472][Entity_recognition.py][line: 101][INFO] ## {'time': '', 'location': '', 'person': '', 'company': '', 'ID': '', 'money': '', 'state': 'success'}
[2018-10-17 10:15:12,149][139844704598472][index.py][line: 49][INFO] ## -------识别结束-------
[2018-10-17 10:15:12,163][139844704598472][index.py][line: 19][INFO] ## -------开始识别-------
[2018-10-17 10:15:12,180][139844704598472][Entity_recognition.py][line: 100][INFO] ## 返回的结果：
[2018-10-17 10:15:12,180][139844704598472][Entity_recognition.py][line: 101][INFO] ## {'time': '', 'location': '', 'person': '', 'company': '', 'ID': '', 'money': '', 'state': 'success'}
[2018-10-17 10:15:12,180][139844704598472][index.py][line: 49][INFO] ## -------识别结束-------
[2018-10-17 10:15:12,194][139844704598472][index.py][line: 19][INFO] ## -------开始识别-------
[2018-10-17 10:15:12,232][139844704598472][Entity_recognition.py][line: 100][INFO] ## 返回的结果：
[2018-10-17 10:15:12,232][139844704598472][Entity_recognition.py][line: 101][INFO] ## {'time': '', 'location': '', 'person': '', 'company': '', 'ID': '', 'money': '', 'state': 'success'}
[2018-10-17 10:15:12,232][139844704598472][index.py][line: 49][INFO] ## -------识别结束-------
[2018-10-17 10:15:12,246][139844704598472][index.py][line: 19][INFO] ## -------开始识别-------
[2018-10-17 10:15:12,263][139844704598472][Entity_recognition.py][line: 100][INFO] ## 返回的结果：
[2018-10-17 10:15:12,263][139844704598472][Entity_recognition.py][line: 101][INFO] ## {'time': '', 'location': '', 'person': '', 'company': '', 'ID': '', 'money': '', 'state': 'success'}
[2018-10-17 10:15:12,263][139844704598472][index.py][line: 49][INFO] ## -------识别结束-------
[2018-10-17 10:15:12,277][139844704598472][index.py][line: 19][INFO] ## -------开始识别-------
[2018-10-17 10:15:12,312][139844704598472][Entity_recognition.py][line: 100][INFO] ## 返回的结果：
[2018-10-17 10:15:12,312][139844704598472][Entity_recognition.py][line: 101][INFO] ## {'time': '', 'location': '', 'person': '', 'company': '', 'ID': '', 'money': '', 'state': 'success'}
[2018-10-17 10:15:12,312][139844704598472][index.py][line: 49][INFO] ## -------识别结束-------
[2018-10-17 10:15:12,326][139844704598472][index.py][line: 19][INFO] ## -------开始识别-------
[2018-10-17 10:15:12,343][139844704598472][Entity_recognition.py][line: 100][INFO] ## 返回的结果：
[2018-10-17 10:15:12,343][139844704598472][Entity_recognition.py][line: 101][INFO] ## {'time': '', 'location': '', 'person': '', 'company': '', 'ID': '', 'money': '', 'state': 'success'}
[2018-10-17 10:15:12,344][139844704598472][index.py][line: 49][INFO] ## -------识别结束-------
[2018-10-17 11:51:39,230][139844704598472][index.py][line: 19][INFO] ## -------开始识别-------
[2018-10-17 11:51:39,251][139844704598472][Entity_recognition.py][line: 100][INFO] ## 返回的结果：
[2018-10-17 11:51:39,252][139844704598472][Entity_recognition.py][line: 101][INFO] ## {'time': '', 'location': '', 'person': '张三疯', 'company': '', 'ID': '', 'money': '', 'state': 'success'}
[2018-10-17 11:51:39,252][139844704598472][index.py][line: 49][INFO] ## -------识别结束-------
