[2018-10-12 10:13:48,520][140575423914664][index.py][line: 19][INFO] ## -------开始识别-------
[2018-10-12 10:13:48,686][140575423914664][Entity_recognition.py][line: 100][INFO] ## 返回的结果：
[2018-10-12 10:13:48,686][140575423914664][Entity_recognition.py][line: 101][INFO] ## {'time': '五天', 'location': '广州', 'person': '姜文景苑,文景苑,罗晓萍', 'company': '', 'ID': '', 'money': '一零零八,二二十五,幺五零幺', 'state': 'success'}
[2018-10-12 10:13:48,686][140575423914664][index.py][line: 49][INFO] ## -------识别结束-------
[2018-10-12 10:13:48,712][140575423914664][index.py][line: 19][INFO] ## -------开始识别-------
[2018-10-12 10:13:48,896][140575423914664][Entity_recognition.py][line: 100][INFO] ## 返回的结果：
[2018-10-12 10:13:48,897][140575423914664][Entity_recognition.py][line: 101][INFO] ## {'time': '十二月份', 'location': '杭州,杭州市下城区,重庆地区', 'person': '王鹏院,王慧媛', 'company': '', 'ID': '一零零八,零一,五零一,二十', 'money': '', 'state': 'success'}
[2018-10-12 10:13:48,897][140575423914664][index.py][line: 49][INFO] ## -------识别结束-------
[2018-10-12 10:13:48,906][140575423914664][index.py][line: 19][INFO] ## -------开始识别-------
[2018-10-12 10:13:48,984][140575423914664][Entity_recognition.py][line: 100][INFO] ## 返回的结果：
[2018-10-12 10:13:48,985][140575423914664][Entity_recognition.py][line: 101][INFO] ## {'time': '明天,明天明天', 'location': '', 'person': '', 'company': '', 'ID': '一零零八,二十四,七零一,十三', 'money': '', 'state': 'success'}
[2018-10-12 10:13:48,985][140575423914664][index.py][line: 49][INFO] ## -------识别结束-------
[2018-10-12 10:13:49,011][140575423914664][index.py][line: 19][INFO] ## -------开始识别-------
[2018-10-12 10:13:49,067][140575423914664][Entity_recognition.py][line: 100][INFO] ## 返回的结果：
[2018-10-12 10:13:49,067][140575423914664][Entity_recognition.py][line: 101][INFO] ## {'time': '明天', 'location': '', 'person': '', 'company': '', 'ID': '', 'money': '', 'state': 'success'}
[2018-10-12 10:13:49,067][140575423914664][index.py][line: 49][INFO] ## -------识别结束-------
[2018-10-12 10:13:49,070][140575423914664][index.py][line: 19][INFO] ## -------开始识别-------
[2018-10-12 10:13:49,142][140575423914664][Entity_recognition.py][line: 100][INFO] ## 返回的结果：
[2018-10-12 10:13:49,143][140575423914664][Entity_recognition.py][line: 101][INFO] ## {'time': '', 'location': '杭州区', 'person': '', 'company': '', 'ID': '', 'money': '', 'state': 'success'}
[2018-10-12 10:13:49,143][140575423914664][index.py][line: 49][INFO] ## -------识别结束-------
[2018-10-12 10:13:49,146][140575423914664][index.py][line: 19][INFO] ## -------开始识别-------
[2018-10-12 10:13:49,351][140575423914664][Entity_recognition.py][line: 100][INFO] ## 返回的结果：
[2018-10-12 10:13:49,351][140575423914664][Entity_recognition.py][line: 101][INFO] ## {'time': '一两秒钟,今天晚上', 'location': '湖南', 'person': '姜艳君', 'company': '', 'ID': '', 'money': '', 'state': 'success'}
[2018-10-12 10:13:49,351][140575423914664][index.py][line: 49][INFO] ## -------识别结束-------
[2018-10-12 10:13:49,354][140575423914664][index.py][line: 19][INFO] ## -------开始识别-------
[2018-10-12 10:13:49,379][140575423914664][Entity_recognition.py][line: 100][INFO] ## 返回的结果：
[2018-10-12 10:13:49,379][140575423914664][Entity_recognition.py][line: 101][INFO] ## {'time': '', 'location': '', 'person': '', 'company': '杭州电器有限公司', 'ID': '', 'money': '', 'state': 'success'}
[2018-10-12 10:13:49,379][140575423914664][index.py][line: 49][INFO] ## -------识别结束-------
[2018-10-12 10:13:49,382][140575423914664][index.py][line: 19][INFO] ## -------开始识别-------
[2018-10-12 10:13:49,461][140575423914664][Entity_recognition.py][line: 100][INFO] ## 返回的结果：
[2018-10-12 10:13:49,461][140575423914664][Entity_recognition.py][line: 101][INFO] ## {'time': '', 'location': '', 'person': '', 'company': '', 'ID': '', 'money': '', 'state': 'success'}
[2018-10-12 10:13:49,462][140575423914664][index.py][line: 49][INFO] ## -------识别结束-------
[2018-10-12 10:13:49,467][140575423914664][index.py][line: 19][INFO] ## -------开始识别-------
[2018-10-12 10:13:49,503][140575423914664][Entity_recognition.py][line: 100][INFO] ## 返回的结果：
[2018-10-12 10:13:49,503][140575423914664][Entity_recognition.py][line: 101][INFO] ## {'time': '', 'location': '', 'person': '', 'company': '', 'ID': '', 'money': '四幺三五六零幺二', 'state': 'success'}
[2018-10-12 10:13:49,504][140575423914664][index.py][line: 49][INFO] ## -------识别结束-------
[2018-10-12 10:13:49,509][140575423914664][index.py][line: 19][INFO] ## -------开始识别-------
[2018-10-12 10:13:49,647][140575423914664][Entity_recognition.py][line: 100][INFO] ## 返回的结果：
[2018-10-12 10:13:49,648][140575423914664][Entity_recognition.py][line: 101][INFO] ## {'time': '', 'location': '呃山庄', 'person': '刘先生', 'company': '', 'ID': '', 'money': '', 'state': 'success'}
[2018-10-12 10:13:49,648][140575423914664][index.py][line: 49][INFO] ## -------识别结束-------
[2018-10-12 10:13:49,652][140575423914664][index.py][line: 19][INFO] ## -------开始识别-------
[2018-10-12 10:13:49,853][140575423914664][Entity_recognition.py][line: 100][INFO] ## 返回的结果：
[2018-10-12 10:13:49,853][140575423914664][Entity_recognition.py][line: 101][INFO] ## {'time': '昨天,一次七月份,七月份,十一月份', 'location': '滨江区,三九幺二二五,三九幺二五', 'person': '陈东', 'company': '', 'ID': '', 'money': '幺四零幺三', 'state': 'success'}
[2018-10-12 10:13:49,853][140575423914664][index.py][line: 49][INFO] ## -------识别结束-------
