[2018-10-17 11:23:12,678][139844704598472][index.py][line: 19][INFO] ## -------开始识别-------
[2018-10-17 11:23:12,706][139844704598472][Entity_recognition.py][line: 100][INFO] ## 返回的结果：
[2018-10-17 11:23:12,706][139844704598472][Entity_recognition.py][line: 101][INFO] ## {'time': '十月十七号', 'location': '', 'person': '', 'company': '', 'ID': '', 'money': '', 'state': 'success'}
[2018-10-17 11:23:12,707][139844704598472][index.py][line: 49][INFO] ## -------识别结束-------
[2018-10-17 14:17:23,292][139844704598472][index.py][line: 19][INFO] ## -------开始识别-------
[2018-10-17 14:17:23,439][139844704598472][Entity_recognition.py][line: 100][INFO] ## 返回的结果：
[2018-10-17 14:17:23,439][139844704598472][Entity_recognition.py][line: 101][INFO] ## {'time': '', 'location': '', 'person': '', 'company': '唐周天燃气有限公司', 'ID': '', 'money': '', 'state': 'success'}
[2018-10-17 14:17:23,439][139844704598472][index.py][line: 49][INFO] ## -------识别结束-------
[2018-10-17 14:17:23,447][139844704598472][index.py][line: 19][INFO] ## -------开始识别-------
[2018-10-17 14:17:23,525][139844704598472][Entity_recognition.py][line: 100][INFO] ## 返回的结果：
[2018-10-17 14:17:23,525][139844704598472][Entity_recognition.py][line: 101][INFO] ## {'time': '', 'location': '', 'person': '', 'company': '', 'ID': '', 'money': '', 'state': 'success'}
[2018-10-17 14:17:23,526][139844704598472][index.py][line: 49][INFO] ## -------识别结束-------
[2018-10-17 14:17:23,532][139844704598472][index.py][line: 19][INFO] ## -------开始识别-------
[2018-10-17 14:17:23,716][139844704598472][Entity_recognition.py][line: 100][INFO] ## 返回的结果：
[2018-10-17 14:17:23,717][139844704598472][Entity_recognition.py][line: 101][INFO] ## {'time': '今天,三十二堵十月二十一,十一月二十一号,十二月,十二月份,十一月份,两个月,十月份,十二月份抄十一月,上两个月,十月二十一,下个月,一月份', 'location': '呃滨江', 'person': '李晓燕', 'company': '', 'ID': '', 'money': '九,一零二八,三六零三,三十二,三十二,五十三,三六', 'state': 'success'}
[2018-10-17 14:17:23,717][139844704598472][index.py][line: 49][INFO] ## -------识别结束-------
[2018-10-17 14:17:23,725][139844704598472][index.py][line: 19][INFO] ## -------开始识别-------
[2018-10-17 14:17:23,747][139844704598472][Entity_recognition.py][line: 100][INFO] ## 返回的结果：
[2018-10-17 14:17:23,747][139844704598472][Entity_recognition.py][line: 101][INFO] ## {'time': '', 'location': '', 'person': '', 'company': '', 'ID': '', 'money': '一零二八', 'state': 'success'}
[2018-10-17 14:17:23,748][139844704598472][index.py][line: 49][INFO] ## -------识别结束-------
[2018-10-17 14:17:23,755][139844704598472][index.py][line: 19][INFO] ## -------开始识别-------
[2018-10-17 14:17:23,796][139844704598472][Entity_recognition.py][line: 100][INFO] ## 返回的结果：
[2018-10-17 14:17:23,797][139844704598472][Entity_recognition.py][line: 101][INFO] ## {'time': '', 'location': '', 'person': '', 'company': '品质电唐周天燃气有限公司', 'ID': '', 'money': '', 'state': 'success'}
[2018-10-17 14:17:23,797][139844704598472][index.py][line: 49][INFO] ## -------识别结束-------
[2018-10-17 14:17:23,813][139844704598472][index.py][line: 19][INFO] ## -------开始识别-------
[2018-10-17 14:17:23,835][139844704598472][Entity_recognition.py][line: 100][INFO] ## 返回的结果：
[2018-10-17 14:17:23,835][139844704598472][Entity_recognition.py][line: 101][INFO] ## {'time': '', 'location': '', 'person': '', 'company': '', 'ID': '', 'money': '', 'state': 'success'}
[2018-10-17 14:17:23,836][139844704598472][index.py][line: 49][INFO] ## -------识别结束-------
[2018-10-17 14:17:23,854][139844704598472][index.py][line: 19][INFO] ## -------开始识别-------
[2018-10-17 14:17:23,873][139844704598472][Entity_recognition.py][line: 100][INFO] ## 返回的结果：
[2018-10-17 14:17:23,873][139844704598472][Entity_recognition.py][line: 101][INFO] ## {'time': '', 'location': '', 'person': '', 'company': '', 'ID': '', 'money': '', 'state': 'success'}
[2018-10-17 14:17:23,873][139844704598472][index.py][line: 49][INFO] ## -------识别结束-------
[2018-10-17 14:17:23,885][139844704598472][index.py][line: 19][INFO] ## -------开始识别-------
[2018-10-17 14:17:23,908][139844704598472][Entity_recognition.py][line: 100][INFO] ## 返回的结果：
[2018-10-17 14:17:23,908][139844704598472][Entity_recognition.py][line: 101][INFO] ## {'time': '', 'location': '', 'person': '', 'company': '', 'ID': '', 'money': '', 'state': 'success'}
[2018-10-17 14:17:23,909][139844704598472][index.py][line: 49][INFO] ## -------识别结束-------
[2018-10-17 14:17:23,926][139844704598472][index.py][line: 19][INFO] ## -------开始识别-------
[2018-10-17 14:17:23,968][139844704598472][Entity_recognition.py][line: 100][INFO] ## 返回的结果：
[2018-10-17 14:17:23,968][139844704598472][Entity_recognition.py][line: 101][INFO] ## {'time': '', 'location': '', 'person': '', 'company': '杭州天燃气有限公司', 'ID': '', 'money': '', 'state': 'success'}
[2018-10-17 14:17:23,968][139844704598472][index.py][line: 49][INFO] ## -------识别结束-------
[2018-10-17 14:17:24,027][139844704598472][index.py][line: 19][INFO] ## -------开始识别-------
[2018-10-17 14:17:24,051][139844704598472][Entity_recognition.py][line: 100][INFO] ## 返回的结果：
[2018-10-17 14:17:24,051][139844704598472][Entity_recognition.py][line: 101][INFO] ## {'time': '', 'location': '', 'person': '', 'company': '', 'ID': '', 'money': '', 'state': 'success'}
[2018-10-17 14:17:24,051][139844704598472][index.py][line: 49][INFO] ## -------识别结束-------
