[2018-10-25 14:26:08,511][139844704602568][index.py][line: 19][INFO] ## -------开始识别-------
[2018-10-25 14:26:08,820][139844704602568][Entity_recognition.py][line: 100][INFO] ## 返回的结果：
[2018-10-25 14:26:08,820][139844704602568][Entity_recognition.py][line: 101][INFO] ## {'time': '', 'location': '', 'person': '王付洪', 'company': '幺五幺幺', 'ID': '幺五幺幺', 'money': '', 'state': 'success'}
[2018-10-25 14:26:08,821][139844704602568][index.py][line: 49][INFO] ## -------识别结束-------
[2018-10-25 14:38:25,390][139844704602568][index.py][line: 19][INFO] ## -------开始识别-------
[2018-10-25 14:38:25,703][139844704602568][Entity_recognition.py][line: 100][INFO] ## 返回的结果：
[2018-10-25 14:38:25,703][139844704602568][Entity_recognition.py][line: 101][INFO] ## {'time': '', 'location': '', 'person': '王付洪', 'company': '幺五幺幺', 'ID': '幺五幺幺', 'money': '', 'state': 'success'}
[2018-10-25 14:38:25,704][139844704602568][index.py][line: 49][INFO] ## -------识别结束-------
[2018-10-25 14:41:05,693][139844704602568][index.py][line: 19][INFO] ## -------开始识别-------
[2018-10-25 14:41:05,989][139844704602568][Entity_recognition.py][line: 100][INFO] ## 返回的结果：
[2018-10-25 14:41:05,989][139844704602568][Entity_recognition.py][line: 101][INFO] ## {'time': '', 'location': '', 'person': '王付洪', 'company': '幺五幺幺', 'ID': '幺五幺幺', 'money': '', 'state': 'success'}
[2018-10-25 14:41:05,990][139844704602568][index.py][line: 49][INFO] ## -------识别结束-------
[2018-10-25 16:13:36,149][139844704602568][index.py][line: 19][INFO] ## -------开始识别-------
[2018-10-25 16:13:36,189][139844704602568][Entity_recognition.py][line: 100][INFO] ## 返回的结果：
[2018-10-25 16:13:36,189][139844704602568][Entity_recognition.py][line: 101][INFO] ## {'time': '', 'location': '', 'person': '', 'company': '杭州', 'ID': '', 'money': '', 'state': 'success'}
[2018-10-25 16:13:36,190][139844704602568][index.py][line: 49][INFO] ## -------识别结束-------
[2018-10-25 16:14:01,211][139844704602568][index.py][line: 19][INFO] ## -------开始识别-------
[2018-10-25 16:14:01,232][139844704602568][Entity_recognition.py][line: 100][INFO] ## 返回的结果：
[2018-10-25 16:14:01,232][139844704602568][Entity_recognition.py][line: 101][INFO] ## {'time': '', 'location': '杭州', 'person': '', 'company': '', 'ID': '', 'money': '', 'state': 'success'}
[2018-10-25 16:14:01,233][139844704602568][index.py][line: 49][INFO] ## -------识别结束-------
[2018-10-25 16:15:26,584][139844704602568][index.py][line: 19][INFO] ## -------开始识别-------
[2018-10-25 16:15:26,619][139844704602568][Entity_recognition.py][line: 100][INFO] ## 返回的结果：
[2018-10-25 16:15:26,619][139844704602568][Entity_recognition.py][line: 101][INFO] ## {'time': '', 'location': '杭州', 'person': '', 'company': '', 'ID': '', 'money': '', 'state': 'success'}
[2018-10-25 16:15:26,619][139844704602568][index.py][line: 49][INFO] ## -------识别结束-------
