[2018-11-13 16:02:28,378][140090870805008][index.py][line: 100][DEBUG] ## 接收到的data：
[2018-11-13 16:02:28,379][140090870805008][index.py][line: 101][DEBUG] ## b'{"down_url":"/fileManager/api/file/downloadFileP","_init_companyId":"08d181119a7b4c0e94ff368942fd4420","up_url":"/fileManager/api/file/uploadFileP","access_key":"33a832d7949c11e89024000c2961e520","access_url":"/api/gateway/ticket","ip":"10.0.2.121:80"}'
[2018-11-13 16:02:28,379][140090870805008][index.py][line: 103][DEBUG] ## 解析后的data：
[2018-11-13 16:02:28,379][140090870805008][index.py][line: 104][DEBUG] ## {'down_url': '/fileManager/api/file/downloadFileP', '_init_companyId': '08d181119a7b4c0e94ff368942fd4420', 'up_url': '/fileManager/api/file/uploadFileP', 'access_key': '33a832d7949c11e89024000c2961e520', 'access_url': '/api/gateway/ticket', 'ip': '10.0.2.121:80'}
[2018-11-13 16:02:28,431][140090870805008][index.py][line: 21][INFO] ## -------开始识别-------
[2018-11-13 16:02:28,431][140090870805008][index.py][line: 25][DEBUG] ## 接收到的信息-----：
[2018-11-13 16:02:28,431][140090870805008][index.py][line: 26][DEBUG] ## {'text': '啊这样子啊谢谢啊我明白了##恩好谢谢##下午好下午好我姓很高兴为您服务您好##先生您好为了信息安全您提供一下身份证号码谢谢多少##杜先生您好非常感谢您的配合您有一笔四千五百元的卡卡的一些贷款嗯您这边的话是从一六年的十一月份资金都是有联系逾期的您稍等一下我帮您查看一下##好的请您稍后不要挂机听到语音提示您对我本次服务做评价谢谢啦再见##上午好我姓曾很高兴为您服务您好##您好感谢##恩好的请问其他还有什么可以帮到您的吗嗯没有时间嗯不客气请不要挂机稍后请到您语音提示请对本次服务进行评价谢谢您了##下午好多少钱客服我姓韩很高兴为您服务##恩好的那感谢您的来电稍后请对本次服务做出评价谢谢再见##下午好我姓四很高兴为您服务##哦那好的谢谢##哎好的那也感谢您的支持的陈女士那请不要挂机稍后听到语音提示呢对本次服务做出评价谢谢您', 'stopwordID': '994121b6e64e11e8a512000c2961e520', 'N': '20', 'PMI': '20', 'dicwordID': '9e5e44d4e6e411e8a512000c2961e520'}
[2018-11-13 16:02:28,449][140090870805008][data_read_file_server.py][line: 43][DEBUG] ## stopword停用词大小：2
[2018-11-13 16:02:28,461][140090870805008][data_read_file_server.py][line: 63][DEBUG] ## 自定义词大小：9
[2018-11-13 16:02:28,463][140090870805008][data_read_file_server.py][line: 180][DEBUG] ## -----> 开始加载字典树
[2018-11-13 16:02:46,355][140090870805008][data_read_file_server.py][line: 198][DEBUG] ## 加载字典树完毕耗时: 17.892167806625366s
[2018-11-13 16:02:46,355][140090870805008][data_read_file_server.py][line: 115][DEBUG] ## -----> 开始解析text数据集
[2018-11-13 16:02:46,355][140090870805008][data_read_file_server.py][line: 119][DEBUG] ## 数据大小：14
[2018-11-13 16:02:46,360][140090870805008][data_read_file_server.py][line: 127][DEBUG] ## 解析完毕耗时: 0.005026340484619141s
[2018-11-13 16:02:46,361][140090870805008][data_read_file_server.py][line: 128][DEBUG] ## date数据集大小：14
[2018-11-13 16:02:46,361][140090870805008][data_read_file_server.py][line: 215][DEBUG] ## ------> 插入节点
[2018-11-13 16:02:46,365][140090870805008][data_read_file_server.py][line: 223][DEBUG] ## 插入完毕耗时: 0.003625631332397461s
[2018-11-13 16:02:47,407][140090870805008][model.py][line: 248][DEBUG] ## 数据集中最小PMI值为：5
[2018-11-13 16:02:47,407][140090870805008][model.py][line: 249][DEBUG] ## 数据集中最大PMI值为：42
[2018-11-13 16:02:47,895][140090870805008][demo_file_server.py][line: 46][INFO] ## 增加了20个新词, 词语和得分分别为
[2018-11-13 16:02:47,895][140090870805008][demo_file_server.py][line: 47][DEBUG] ## #############################
[2018-11-13 16:02:47,895][140090870805008][demo_file_server.py][line: 51][DEBUG] ## 高兴为您服务,0.669
[2018-11-13 16:02:47,895][140090870805008][demo_file_server.py][line: 51][DEBUG] ## 本次服务,0.47
[2018-11-13 16:02:47,896][140090870805008][demo_file_server.py][line: 51][DEBUG] ## 不要挂机,0.451
[2018-11-13 16:02:47,896][140090870805008][demo_file_server.py][line: 51][DEBUG] ## 语音提示,0.437
[2018-11-13 16:02:47,896][140090870805008][demo_file_server.py][line: 51][DEBUG] ## 感谢您的,0.429
[2018-11-13 16:02:47,896][140090870805008][demo_file_server.py][line: 51][DEBUG] ## 为您服务您好,0.383
[2018-11-13 16:02:47,896][140090870805008][demo_file_server.py][line: 51][DEBUG] ## 挂机稍后,0.364
[2018-11-13 16:02:47,896][140090870805008][demo_file_server.py][line: 51][DEBUG] ## 评价谢谢您,0.336
[2018-11-13 16:02:47,896][140090870805008][demo_file_server.py][line: 51][DEBUG] ## 恩好的,0.273
[2018-11-13 16:02:47,897][140090870805008][demo_file_server.py][line: 51][DEBUG] ## 先生您好,0.264
[2018-11-13 16:02:47,897][140090870805008][demo_file_server.py][line: 51][DEBUG] ## 评价谢谢,0.263
[2018-11-13 16:02:47,897][140090870805008][demo_file_server.py][line: 51][DEBUG] ## 稍后请,0.262
[2018-11-13 16:02:47,897][140090870805008][demo_file_server.py][line: 51][DEBUG] ## 客服我姓,0.228
[2018-11-13 16:02:47,897][140090870805008][demo_file_server.py][line: 51][DEBUG] ## 陈女士那请,0.228
[2018-11-13 16:02:47,897][140090870805008][demo_file_server.py][line: 51][DEBUG] ## 服务做出,0.214
[2018-11-13 16:02:47,897][140090870805008][demo_file_server.py][line: 51][DEBUG] ## 一笔四千五百,0.184
[2018-11-13 16:02:47,898][140090870805008][demo_file_server.py][line: 51][DEBUG] ## 恩好谢谢,0.175
[2018-11-13 16:02:47,898][140090870805008][demo_file_server.py][line: 51][DEBUG] ## 我姓韩,0.175
[2018-11-13 16:02:47,898][140090870805008][demo_file_server.py][line: 51][DEBUG] ## 十一月份资金,0.159
[2018-11-13 16:02:47,898][140090870805008][demo_file_server.py][line: 51][DEBUG] ## 四千五百元,0.159
[2018-11-13 16:02:47,898][140090870805008][demo_file_server.py][line: 52][DEBUG] ## #############################
[2018-11-13 16:02:47,990][140090870805008][index.py][line: 55][DEBUG] ## 新词：高兴为您服务,0.669##本次服务,0.47##不要挂机,0.451##语音提示,0.437##感谢您的,0.429##为您服务您好,0.383##挂机稍后,0.364##评价谢谢您,0.336##恩好的,0.273##先生您好,0.264##评价谢谢,0.263##稍后请,0.262##客服我姓,0.228##陈女士那请,0.228##服务做出,0.214##一笔四千五百,0.184##恩好谢谢,0.175##我姓韩,0.175##十一月份资金,0.159##四千五百元,0.159
[2018-11-13 16:02:47,990][140090870805008][index.py][line: 56][DEBUG] ## 互信息最小值：5.8494367859063585
[2018-11-13 16:02:47,991][140090870805008][index.py][line: 57][DEBUG] ## 互信息最大值：42.14655422278712
