[2018-11-08 15:16:27,160][140639744205480][index.py][line: 21][INFO] ## -------开始识别-------
[2018-11-08 15:16:27,202][140639744205480][index.py][line: 25][DEBUG] ## 接收到的信息-----：
[2018-11-08 15:16:27,202][140639744205480][index.py][line: 26][DEBUG] ## {'dataID': '76842f44cd1d11e8be95000c2961e520', 'stopwordID': '0243e66ecd1d11e8be95000c2961e520', 'N': '5', 'PMI': '18', 'dicwordID': '0249d9e0cd1d11e8be95000c2961e520'}
[2018-11-08 15:16:27,265][140639744205480][data_read_file_server.py][line: 43][DEBUG] ## stopword停用词大小：1
[2018-11-08 15:16:27,291][140639744205480][data_read_file_server.py][line: 63][DEBUG] ## 自定义词大小：1
[2018-11-08 15:16:27,327][140639744205480][data_read_file_server.py][line: 180][DEBUG] ## -----> 开始加载字典树
[2018-11-08 15:16:47,205][140639744205480][data_read_file_server.py][line: 198][DEBUG] ## 加载字典树完毕耗时: 19.877400159835815s
[2018-11-08 15:16:47,205][140639744205480][data_read_file_server.py][line: 81][DEBUG] ## -----> 开始读取数据集
[2018-11-08 15:16:47,214][140639744205480][data_read_file_server.py][line: 90][DEBUG] ## 数据大小：1
[2018-11-08 15:16:47,215][140639744205480][data_read_file_server.py][line: 98][DEBUG] ## 读取完毕耗时: 0.009793758392333984s
[2018-11-08 15:16:47,215][140639744205480][data_read_file_server.py][line: 99][DEBUG] ## date数据集大小：1
[2018-11-08 15:16:47,215][140639744205480][data_read_file_server.py][line: 215][DEBUG] ## ------> 插入节点
[2018-11-08 15:16:47,216][140639744205480][data_read_file_server.py][line: 223][DEBUG] ## 插入完毕耗时: 0.0009386539459228516s
[2018-11-08 15:16:48,234][140639744205480][model.py][line: 248][DEBUG] ## 数据集中最小PMI值为：41
[2018-11-08 15:16:48,234][140639744205480][model.py][line: 249][DEBUG] ## 数据集中最大PMI值为：45
[2018-11-08 15:16:48,703][140639744205480][demo_file_server.py][line: 46][INFO] ## 增加了5个新词, 词语和得分分别为
[2018-11-08 15:16:48,704][140639744205480][demo_file_server.py][line: 47][DEBUG] ## #############################
[2018-11-08 15:16:48,704][140639744205480][demo_file_server.py][line: 51][DEBUG] ## ":,4.314
[2018-11-08 15:16:48,704][140639744205480][demo_file_server.py][line: 51][DEBUG] ## ",,1.641
[2018-11-08 15:16:48,704][140639744205480][demo_file_server.py][line: 51][DEBUG] ## Internal ,0.901
[2018-11-08 15:16:48,704][140639744205480][demo_file_server.py][line: 51][DEBUG] ##  Server,0.901
[2018-11-08 15:16:48,704][140639744205480][demo_file_server.py][line: 51][DEBUG] ##  Error,0.901
[2018-11-08 15:16:48,704][140639744205480][demo_file_server.py][line: 52][DEBUG] ## #############################
[2018-11-08 15:16:48,799][140639744205480][index.py][line: 55][DEBUG] ## 新词：":,4.314##",,1.641##Internal ,0.901## Server,0.901## Error,0.901
[2018-11-08 15:16:48,799][140639744205480][index.py][line: 56][DEBUG] ## 互信息最小值：41.03407237873342
[2018-11-08 15:16:48,799][140639744205480][index.py][line: 57][DEBUG] ## 互信息最大值：45.03407237873343
