[2018-11-02 11:52:08,175][140639744201232][index.py][line: 100][DEBUG] ## 接收到的data：
[2018-11-02 11:52:08,203][140639744201232][index.py][line: 101][DEBUG] ## b'{"down_url":"/fileManager/api/file/downloadFileP","_init_companyId":"08d181119a7b4c0e94ff368942fd4420","up_url":"/fileManager/api/file/uploadFileP","access_key":"33a832d7949c11e89024000c2961e520","access_url":"/api/gateway/ticket","ip":"10.0.2.121:80"}'
[2018-11-02 11:52:08,203][140639744201232][index.py][line: 103][DEBUG] ## 解析后的data：
[2018-11-02 11:52:08,203][140639744201232][index.py][line: 104][DEBUG] ## {'down_url': '/fileManager/api/file/downloadFileP', '_init_companyId': '08d181119a7b4c0e94ff368942fd4420', 'up_url': '/fileManager/api/file/uploadFileP', 'access_key': '33a832d7949c11e89024000c2961e520', 'access_url': '/api/gateway/ticket', 'ip': '10.0.2.121:80'}
[2018-11-02 11:52:08,222][140639744201232][index.py][line: 21][INFO] ## -------开始识别-------
[2018-11-02 11:52:08,222][140639744201232][index.py][line: 25][DEBUG] ## 接收到的信息-----：
[2018-11-02 11:52:08,222][140639744201232][index.py][line: 26][DEBUG] ## {'dataID': '7dc2d338de5011e89f4b000c2961e520', 'stopwordID': 'fecad246de4311e8be95000c2961e520', 'N': '10', 'PMI': '25', 'dicwordID': 'b8ee7e68de4411e8be95000c2961e520'}
[2018-11-02 11:52:08,238][140639744201232][data_read_file_server.py][line: 43][DEBUG] ## stopword停用词大小：1
[2018-11-02 11:52:08,252][140639744201232][data_read_file_server.py][line: 63][DEBUG] ## 自定义词大小：1
[2018-11-02 11:52:09,744][140639744201232][data_read_file_server.py][line: 180][DEBUG] ## -----> 开始加载字典树
[2018-11-02 11:52:27,739][140639744201232][data_read_file_server.py][line: 198][DEBUG] ## 加载字典树完毕耗时: 17.994927883148193s
[2018-11-02 11:52:27,740][140639744201232][data_read_file_server.py][line: 81][DEBUG] ## -----> 开始读取数据集
[2018-11-02 11:52:27,753][140639744201232][data_read_file_server.py][line: 90][DEBUG] ## 数据大小：17
[2018-11-02 11:52:27,758][140639744201232][data_read_file_server.py][line: 98][DEBUG] ## 读取完毕耗时: 0.01834583282470703s
[2018-11-02 11:52:27,758][140639744201232][data_read_file_server.py][line: 99][DEBUG] ## date数据集大小：17
[2018-11-02 11:52:27,759][140639744201232][data_read_file_server.py][line: 215][DEBUG] ## ------> 插入节点
[2018-11-02 11:52:27,763][140639744201232][data_read_file_server.py][line: 223][DEBUG] ## 插入完毕耗时: 0.004698753356933594s
[2018-11-02 11:52:28,795][140639744201232][model.py][line: 248][DEBUG] ## 数据集中最小PMI值为：7
[2018-11-02 11:52:28,795][140639744201232][model.py][line: 249][DEBUG] ## 数据集中最大PMI值为：43
[2018-11-02 11:52:29,273][140639744201232][demo_file_server.py][line: 46][INFO] ## 增加了10个新词, 词语和得分分别为
[2018-11-02 11:52:29,273][140639744201232][demo_file_server.py][line: 47][DEBUG] ## #############################
[2018-11-02 11:52:29,273][140639744201232][demo_file_server.py][line: 51][DEBUG] ## 文件服务器,0.533
[2018-11-02 11:52:29,274][140639744201232][demo_file_server.py][line: 51][DEBUG] ## PMI（,0.346
[2018-11-02 11:52:29,274][140639744201232][demo_file_server.py][line: 51][DEBUG] ## （互信息,0.333
[2018-11-02 11:52:29,274][140639744201232][demo_file_server.py][line: 51][DEBUG] ## ID，,0.332
[2018-11-02 11:52:29,274][140639744201232][demo_file_server.py][line: 51][DEBUG] ## 互信息）,0.329
[2018-11-02 11:52:29,274][140639744201232][demo_file_server.py][line: 51][DEBUG] ## 服务器参数,0.311
[2018-11-02 11:52:29,274][140639744201232][demo_file_server.py][line: 51][DEBUG] ## 类实例,0.305
[2018-11-02 11:52:29,275][140639744201232][demo_file_server.py][line: 51][DEBUG] ## 字符串string,0.295
[2018-11-02 11:52:29,275][140639744201232][demo_file_server.py][line: 51][DEBUG] ## 新词及,0.293
[2018-11-02 11:52:29,275][140639744201232][demo_file_server.py][line: 51][DEBUG] ## 参数构造函数,0.271
[2018-11-02 11:52:29,275][140639744201232][demo_file_server.py][line: 52][DEBUG] ## #############################
[2018-11-02 11:52:29,368][140639744201232][index.py][line: 55][DEBUG] ## 新词：文件服务器,0.533##PMI（,0.346##（互信息,0.333##ID，,0.332##互信息）,0.329##服务器参数,0.311##类实例,0.305##字符串string,0.295##新词及,0.293##参数构造函数,0.271
[2018-11-02 11:52:29,368][140639744201232][index.py][line: 56][DEBUG] ## 互信息最小值：7.5730403393931605
[2018-11-02 11:52:29,368][140639744201232][index.py][line: 57][DEBUG] ## 互信息最大值：43.74720132625767
[2018-11-02 13:29:08,959][140639744201232][index.py][line: 100][DEBUG] ## 接收到的data：
[2018-11-02 13:29:08,973][140639744201232][index.py][line: 101][DEBUG] ## b'{"down_url":"/fileManager/api/file/downloadFileP","_init_companyId":"08d181119a7b4c0e94ff368942fd4420","up_url":"/fileManager/api/file/uploadFileP","access_key":"33a832d7949c11e89024000c2961e520","access_url":"/api/gateway/ticket","ip":"10.0.2.121:80"}'
[2018-11-02 13:29:08,973][140639744201232][index.py][line: 103][DEBUG] ## 解析后的data：
[2018-11-02 13:29:08,973][140639744201232][index.py][line: 104][DEBUG] ## {'down_url': '/fileManager/api/file/downloadFileP', '_init_companyId': '08d181119a7b4c0e94ff368942fd4420', 'up_url': '/fileManager/api/file/uploadFileP', 'access_key': '33a832d7949c11e89024000c2961e520', 'access_url': '/api/gateway/ticket', 'ip': '10.0.2.121:80'}
[2018-11-02 13:29:08,987][140639744201232][index.py][line: 21][INFO] ## -------开始识别-------
[2018-11-02 13:29:08,987][140639744201232][index.py][line: 25][DEBUG] ## 接收到的信息-----：
[2018-11-02 13:29:08,987][140639744201232][index.py][line: 26][DEBUG] ## {'text': '得到指定##个数##新词##及新词概率##字符串##第一次启动时,需要,先设置文件服务器##参数##接口参数,和##得到指定个数新词及新词概率字符串的##接口参数一##样##追踪报错信息方便##排##查问题##新词提取对应字段,才有结果##如果后期使用时##参数有变化可以用set方法设置##使用带参数构造函数,互##信息##阈值.第一次调用可以参考', 'stopwordID': 'fecad246de4311e8be95000c2961e520', 'N': '15', 'PMI': '0', 'dicwordID': 'b8ee7e68de4411e8be95000c2961e520'}
[2018-11-02 13:29:09,004][140639744201232][data_read_file_server.py][line: 43][DEBUG] ## stopword停用词大小：1
[2018-11-02 13:29:09,018][140639744201232][data_read_file_server.py][line: 63][DEBUG] ## 自定义词大小：1
[2018-11-02 13:29:09,019][140639744201232][data_read_file_server.py][line: 180][DEBUG] ## -----> 开始加载字典树
[2018-11-02 13:29:26,854][140639744201232][data_read_file_server.py][line: 198][DEBUG] ## 加载字典树完毕耗时: 17.834345817565918s
[2018-11-02 13:29:26,854][140639744201232][data_read_file_server.py][line: 115][DEBUG] ## -----> 开始解析text数据集
[2018-11-02 13:29:26,854][140639744201232][data_read_file_server.py][line: 119][DEBUG] ## 数据大小：20
[2018-11-02 13:29:26,856][140639744201232][data_read_file_server.py][line: 127][DEBUG] ## 解析完毕耗时: 0.002012491226196289s
[2018-11-02 13:29:26,857][140639744201232][data_read_file_server.py][line: 128][DEBUG] ## date数据集大小：20
[2018-11-02 13:29:26,857][140639744201232][data_read_file_server.py][line: 215][DEBUG] ## ------> 插入节点
[2018-11-02 13:29:26,858][140639744201232][data_read_file_server.py][line: 223][DEBUG] ## 插入完毕耗时: 0.0011856555938720703s
[2018-11-02 13:29:27,900][140639744201232][model.py][line: 248][DEBUG] ## 数据集中最小PMI值为：11
[2018-11-02 13:29:27,901][140639744201232][model.py][line: 249][DEBUG] ## 数据集中最大PMI值为：43
[2018-11-02 13:29:28,392][140639744201232][demo_file_server.py][line: 46][INFO] ## 增加了15个新词, 词语和得分分别为
[2018-11-02 13:29:28,392][140639744201232][demo_file_server.py][line: 47][DEBUG] ## #############################
[2018-11-02 13:29:28,392][140639744201232][demo_file_server.py][line: 51][DEBUG] ## 新词概率,1.121
[2018-11-02 13:29:28,392][140639744201232][demo_file_server.py][line: 51][DEBUG] ## 接口参数,0.929
[2018-11-02 13:29:28,392][140639744201232][demo_file_server.py][line: 51][DEBUG] ## 得到指定,0.77
[2018-11-02 13:29:28,393][140639744201232][demo_file_server.py][line: 51][DEBUG] ## 构造函数,,0.764
[2018-11-02 13:29:28,393][140639744201232][demo_file_server.py][line: 51][DEBUG] ## 阈值.,0.736
[2018-11-02 13:29:28,393][140639744201232][demo_file_server.py][line: 51][DEBUG] ## 追踪报错,0.619
[2018-11-02 13:29:28,393][140639744201232][demo_file_server.py][line: 51][DEBUG] ## .第一次,0.582
[2018-11-02 13:29:28,393][140639744201232][demo_file_server.py][line: 51][DEBUG] ## 参数,,0.576
[2018-11-02 13:29:28,393][140639744201232][demo_file_server.py][line: 51][DEBUG] ## ,互,0.571
[2018-11-02 13:29:28,393][140639744201232][demo_file_server.py][line: 51][DEBUG] ## set方法,0.556
[2018-11-02 13:29:28,394][140639744201232][demo_file_server.py][line: 51][DEBUG] ## 新词提取,0.534
[2018-11-02 13:29:28,394][140639744201232][demo_file_server.py][line: 51][DEBUG] ## 报错信息,0.531
[2018-11-02 13:29:28,394][140639744201232][demo_file_server.py][line: 51][DEBUG] ## 概率字符串,0.507
[2018-11-02 13:29:28,394][140639744201232][demo_file_server.py][line: 51][DEBUG] ## ,先,0.507
[2018-11-02 13:29:28,394][140639744201232][demo_file_server.py][line: 51][DEBUG] ## ,需要,0.505
[2018-11-02 13:29:28,394][140639744201232][demo_file_server.py][line: 52][DEBUG] ## #############################
[2018-11-02 13:29:28,483][140639744201232][index.py][line: 55][DEBUG] ## 新词：新词概率,1.121##接口参数,0.929##得到指定,0.77##构造函数,,0.764##阈值.,0.736##追踪报错,0.619##.第一次,0.582##参数,,0.576##,互,0.571##set方法,0.556##新词提取,0.534##报错信息,0.531##概率字符串,0.507##,先,0.507##,需要,0.505
[2018-11-02 13:29:28,483][140639744201232][index.py][line: 56][DEBUG] ## 互信息最小值：11.39411312618988
[2018-11-02 13:29:28,484][140639744201232][index.py][line: 57][DEBUG] ## 互信息最大值：43.523111709353785
