[2018-11-13 16:06:12,722][140090870805312][index.py][line: 21][INFO] ## -------开始识别-------
[2018-11-13 16:06:12,723][140090870805312][index.py][line: 25][DEBUG] ## 接收到的信息-----：
[2018-11-13 16:06:12,723][140090870805312][index.py][line: 26][DEBUG] ## {'text': '啊这样子啊谢谢啊我明白了##恩好谢谢##下午好下午好我姓很高兴为您服务您好##先生您好为了信息安全您提供一下身份证号码谢谢多少##杜先生您好非常感谢您的配合您有一笔四千五百元的卡卡的一些贷款嗯您这边的话是从一六年的十一月份资金都是有联系逾期的您稍等一下我帮您查看一下##好的请您稍后不要挂机听到语音提示您对我本次服务做评价谢谢啦再见##上午好我姓曾很高兴为您服务您好##您好感谢##恩好的请问其他还有什么可以帮到您的吗嗯没有时间嗯不客气请不要挂机稍后请到您语音提示请对本次服务进行评价谢谢您了##下午好多少钱客服我姓韩很高兴为您服务##恩好的那感谢您的来电稍后请对本次服务做出评价谢谢再见##下午好我姓四很高兴为您服务##哦那好的谢谢##哎好的那也感谢您的支持的陈女士那请不要挂机稍后听到语音提示呢对本次服务做出评价谢谢您##你好多人客服姓郑很高兴为您服务##为您服务上午好我姓很高兴为您服务您好##郭先生请您稍等在为您做查询请耐心等待感谢您的耐心等待郭先生这边的话帮您查看到您有申请一个结了花这个全品那目前的话一个状态我们这边呢哦没有显示到如果说您这边哦想要取消的话需要咨询一下这个话专员是否可以取消那也是为了更好的解答您这个问题我这边帮您转接一下我们这样的话专线稍后您听到语音播报按四号键您可以咨询一下他一台柜告知为准了好吧##八为您服务您好心情在客服现在有什么可以帮您##陈先生麻烦告知一下您的身份证号码帮您查看一下好吗##好的稍等请您帮帮您查询一下为了保障信息安全简单跟您核对一下您的全名怎么称呼呢##恩好的那您保持卡内金额不要取出或使用我这边马上帮您联系工作人员手动进行扣款如果今天我们可以扣到您的款项的话会帮您提交进行申请不会影响征信的这个可以放心##陪您稍等为您查询中好的谭先生很抱歉让您久等了帮您查看到那截止到今天您的扣款金额四百九十二元现在尾号六三零零建行卡内金额充足吗##啊没有啊他一般就是在有的是一号是还款日还是第二天才扣款的是吧##对每个月一号的您每个月呢是必须在一号晚上十二点钟之前保持尾号六三零零建行卡内金额充足每个月二号凌晨开始前天随机时间扣款的##对我们今天你们上来给我们装装表的我们不是很满意呃给我刷的表装完了之后我们柜子都没法做了##哎呀我我我觉得是服了你们的你讲了讲了半天还是没有没没##因为这个不是我说了很烂的我现在跟你说清楚这个事情我我现在跟你讲现在都是你自己丽姐如果说你家里面换为准我打给你联系公司怎么回复啊我自己打电话给他他说我他的个体##一第一收费是拿出那个记录了那这样的话我再我这么说我这边呢是很好弄但是我也很难弄我这样可以到联通联通去了任何把那个单子拿出来如果有你们的那我没花钱如果说你这样为这个事情想跟我搞出去的话可以一二三四五##没有啊四点半了是不是该下班了我等到什么时候啊##哎你好老师哇哎保单是检查麻烦也累要么脚跟假药过他要闻他我我现在你们那个早就经营部是不是私人的他会刚刚打过你们电话你们跟他我的购物季节有一个人物就不高兴了他问你们自购机的在微对我跟他第一次嘛老乡光我现在我们日内公司亚述的你们早就进一步他揭示什么详情您是不详细的我觉得那个你一直找我要要要开开的第一次和地址应该是开材料应该子应该不是够用对吧就是他对不对##喂你好这就是我所需要我光是说打电话也没打过来手机放在我这里有没有接到电话我会不知道开玩笑一样的啊现在收到三六零哪台哪个手机不是做三六零的难道你的手机不知道发给您是吧啊七八二那很抱歉那那我是没没想到好嘞那么就这么说然后这最后给我答复你们什么时候给我答复##前我不能这个电话过去到师傅电话过去这老师医生啊不是麦子那你现在不是半个钟头他改变二十五分钟打给你啊他打电话给师傅不要烦死了对不对啦我自己那个电话外面那个公家单位电话留给用户过了两个月他都会打电话过来你你怎么说呢啊对对对##不考一个傻逼用户打电话进来说抢修师傅已经跟他联系过他们家里没有人啊啊所以还要求明天那我说你要去明天明天打电话过来我们抢修不预约的啊然后过了半个小时都不到抢修中心打电话过来神经病的南宁那边骂我了他说杯子系统能够有没有来电话公司来电话过来呀您来电话或你怎么不跟我们说了呢我说什么就说用户要求取消掉我说没有啊用户没有跟我说取消掉啊我是用户跟我说抢修师傅已经联系过他了呀按照流程你们抢修师傅回单子过来的呀是不是啦然后他说你们接到电话也不跟我们说一下的是你我们要等到上级部门通知呢那我说你们已经联系用户了鸭是不是啦产生数据您知道情况呀因为我们这边会怎么了真的很傻了我跟你说##没见过这么恶心的人##下个单子需要这么问一句的你去问问看是哪个傻逼呀##可以的你交易直接今天不知道我不知道我我投诉你们你们怎么弄得##的话那你双休日去的话你可以到天虹路一千两百四十九号去办理##这边也没味道因为你说的就那个我们要跟房东核对一下然后我们这里要派别假如说他自己私自用的我们要派别和资料等于说下去然后这边有用户编号变了货产生以后有用户编号产生以后才会根据您这边当月抄还是专业超上门来抄表您这里的话假如说你自己私自用的话这里不会像没有点火我们这里没有记录的话不会上门抄表的##应该是点过户因为是这样的现在我我之前呢就是我是新珠珠的啊然后我问房东男房东是说他之前都没都没有那个户号什么的因为她自己也不在这里面吗但是我现在住进来呢我看到之前的租客呢有一百五十多度的产生的那我们这里房子是租他的是不是啊对对对我租他的然后呢他刚才给你们那个您打过电话呢他说是嗯没有开通过的因为户号什么都没有因为没有年货记录吗我的意思是你们能不能过来看一下因为我是确定他是有产生费用的您这个这样子啊对对##应该不是四应该不会自动把这个是他自己也是怎么样的话也有可能呢##那我让他的怎么样你让他给你打电话过来好不好##他自己的话等于说注册他自己私自打开用的也有可能的有的房东也不知道##海域哎你好帮我查一下在户户名保报给你啊把这个事业园呃杭州拱墅区啊##所有给他去弄一个你明天会大哥因为他那边当时今天开了四个网络嘛然后三天之内就可以做完了那个昨天对此明天会做的他是八栋多少##三十四个理财就现在表上只有三退房了##啊尽快联系那排到什么时候了##喂那边师傅啊北京民院九栋二单元五零六二十九号开户的明天会去的啦##所以我就可以未来有什么办法类推##您好射线什么需要帮助吗哎你好我要预约一下那个结伙地址哪里呃那个冰箱的嗯就像那个基金基金在关河景晴六幢嗯二单元幺三零三二单元幺三零三啊或者呢是叫什么音乐鸿运鸿好的那现在是专业的造句买好嗯都已经好叻您这个专用两款呢呃也已经有了也有了是吧然后应该正规厂家提供的要有合格证发票啊对上次是劳百嗯那个好的占领认识一个基本的热水器没有成功正好到位都已经装好了哎好的那联系电话就您幺三九电话保畅通我们明天按而且之内啊来的钱就会联系您的好吗啊啊行行行好好的祝您愉快啊恩好再见嗯三##哎你好你好哎四次张嘉园四区的用户啊这边帮您问过了哎他说今天下午会电话联系的明天会安安排给您来上门来装的##一单元二零二房产证有没有做出来嗯嗯##业务的时候有打电话过来对呀是不是啊##对呀不是的是这样子和这个回去倒是见过啦嚎起来没问题这个热水器那个地方那个开关你这个热水器那个呃预订远隔不了人管够不着那个要你们有没有说##还是在噢噢噢要站嘛那个热水七月二十五各位那样的特殊这个二十块钱去热水器播放日子去籍贯加长一下对吧##换的话就是发票安全合作赠送也都有的啊然后热水器下面呢都水系那边也不多挂号啊##好的好的那我电话给你一个啊你要接管子打这个电话就可以了可以呃可以报了吗已经比重的不对呀呃八八零六##对都已经都已经转接了一个拦关有没有准备没有准备带过来要收费的哦原来连接道具的嗯就没到了这个给我放过的有的那么要喝要正规厂家有何哥真的啊呃有的安眠药外面给恩好##哼不会说电话比如像下来根据脑座机呢不是他##没拿到后来呢什么我也要上热水器嘛要是上热水器的话呢我啊加入水进来了以后您老家叫他来的表得查一下是这样的什么所以呢半个时建议透长了聪聪在那边他们那边现在呢我这个如果短信呢与那个这个他不要不要查嘞就在你可以上面可以在那个我要这个三百块钱呢怎么你们跟我上记一下我今天打个电话呢跟你告诉你们一下我这个那个不插来插表怎么就是呢帮把我这个账结一下我呃您在你们的电话我来拿钱##一千三百二的一号##啊地址啊莫干山路##哎你好哎我想咨询一下就是我们这边是这张九里西湖区质量只有那个小区吗然后有一个主来反映说是那个燃气不能用啊我在想是不是有在箱检查患者##哎一根管充上去的您让他们看楼下问一下看啊因为这边的话我们没有接到通知说那边有在听谢谢那你问一下让他啊如果他楼上楼下都问过都不能用的反正其实我们抢修好了您呃到时候不要打这个咨询咨询电话因为电话比较多的您到时候打印来电哎就是那那个厂家的电话电话多那个八五三五零四六六八五三五四个六四八五三五四六这个是享受网你到时候先让他楼上楼下问一下看如果楼上楼下都问过他们都不能用的才能及时打你们这个抢修就可以啊哦好的好的好的那如果好啊如果他楼上楼下中毒问过了都能用的让他在自己检查一下看啊做这种电子也换一下嗯要换电池的哎对对对因为它嗯咱们呃他可能确定都打开的喽然后他就去下面电磁他说电磁电量不足他这个起也出不来的如果您要试一下看热水器它也有两次的嘛让他热水器那边也是一下看哦好的好的那我在网上查一下先去问哦##呃是不是东西西区的呃对的呃那就是东方商城啊他你是西区东区的地区其实给装##天杨尚城国际是不是啊呃东方商城是不是吧##反正反正就是说您在十二月份先等他来抄抄到了以后再去交现在没办法交的哎要先给他抄表抄到以后再交啊##啊那单子给您下输了昨天开始算五天之内具体哪天来反正师傅来之前提前一天会电话联系的啊电话也保证畅通到时候做现在并安装好了热水器也挂好了咱们提前打我们电话再来预约点火我这边单子给您再次啦哎到时候具体能不能装反正要师傅上门看了为准的哦##啊你好你好这样的我是按我按我们家那个每个月呃管那边需要结伙啦男的地址哎呀拱墅区运清水苑##哎一零零五两米就您要良好要哪一种##哎对明天一般都是两米之类的那么这边的话明天开始算起是三天之内上门来的前天跟你电话联系等电话通知啊##好的我帮您备注一下要求明天或者后天上门啊但是不是我这里给因为不是我这里排班的啦我们这边只能帮您备注的具体还是要等候电话通知为准##新疆要么去江宏路一千两百四十九号双休日有人的##啊只有房产证上的名字才能够开开燃气的开户的啊那你再去问一下啊再见啊然后一零二三为您服务您好燃气热线什么需要帮助##今天今天从那个材料拿过去过户的话没什么问题的就那个到时候表上都是这些都要派过去的啊', 'stopwordID': '994121b6e64e11e8a512000c2961e520', 'N': '15', 'PMI': '18', 'dicwordID': '9e5e44d4e6e411e8a512000c2961e520'}
[2018-11-13 16:06:12,733][140090870805312][data_read_file_server.py][line: 43][DEBUG] ## stopword停用词大小：1
[2018-11-13 16:06:12,741][140090870805312][data_read_file_server.py][line: 63][DEBUG] ## 自定义词大小：1
[2018-11-13 16:06:12,742][140090870805312][data_read_file_server.py][line: 180][DEBUG] ## -----> 开始加载字典树
[2018-11-13 16:06:30,668][140090870805312][data_read_file_server.py][line: 198][DEBUG] ## 加载字典树完毕耗时: 17.925545930862427s
[2018-11-13 16:06:30,668][140090870805312][data_read_file_server.py][line: 115][DEBUG] ## -----> 开始解析text数据集
[2018-11-13 16:06:30,668][140090870805312][data_read_file_server.py][line: 119][DEBUG] ## 数据大小：74
[2018-11-13 16:06:30,717][140090870805312][data_read_file_server.py][line: 127][DEBUG] ## 解析完毕耗时: 0.048272132873535156s
[2018-11-13 16:06:30,717][140090870805312][data_read_file_server.py][line: 128][DEBUG] ## date数据集大小：74
[2018-11-13 16:06:30,717][140090870805312][data_read_file_server.py][line: 215][DEBUG] ## ------> 插入节点
[2018-11-13 16:06:30,769][140090870805312][data_read_file_server.py][line: 223][DEBUG] ## 插入完毕耗时: 0.05199885368347168s
[2018-11-13 16:06:31,824][140090870805312][model.py][line: 248][DEBUG] ## 数据集中最小PMI值为：0
[2018-11-13 16:06:31,824][140090870805312][model.py][line: 249][DEBUG] ## 数据集中最大PMI值为：40
[2018-11-13 16:06:32,335][140090870805312][demo_file_server.py][line: 46][INFO] ## 增加了15个新词, 词语和得分分别为
[2018-11-13 16:06:32,336][140090870805312][demo_file_server.py][line: 47][DEBUG] ## #############################
[2018-11-13 16:06:32,336][140090870805312][demo_file_server.py][line: 51][DEBUG] ## 为您服务您好,0.064
[2018-11-13 16:06:32,336][140090870805312][demo_file_server.py][line: 51][DEBUG] ## 哎你好,0.046
[2018-11-13 16:06:32,336][140090870805312][demo_file_server.py][line: 51][DEBUG] ## 打电话过来,0.04
[2018-11-13 16:06:32,336][140090870805312][demo_file_server.py][line: 51][DEBUG] ## 感谢您的,0.036
[2018-11-13 16:06:32,336][140090870805312][demo_file_server.py][line: 51][DEBUG] ## 这边的话,0.034
[2018-11-13 16:06:32,337][140090870805312][demo_file_server.py][line: 51][DEBUG] ## 卡内金额,0.034
[2018-11-13 16:06:32,337][140090870805312][demo_file_server.py][line: 51][DEBUG] ## 抢修师傅,0.029
[2018-11-13 16:06:32,337][140090870805312][demo_file_server.py][line: 51][DEBUG] ## 不要挂机,0.028
[2018-11-13 16:06:32,337][140090870805312][demo_file_server.py][line: 51][DEBUG] ## 语音提示,0.027
[2018-11-13 16:06:32,337][140090870805312][demo_file_server.py][line: 51][DEBUG] ## 尾号六三,0.027
[2018-11-13 16:06:32,337][140090870805312][demo_file_server.py][line: 51][DEBUG] ## 六三零零,0.027
[2018-11-13 16:06:32,338][140090870805312][demo_file_server.py][line: 51][DEBUG] ## 一千两百四十九,0.026
[2018-11-13 16:06:32,338][140090870805312][demo_file_server.py][line: 51][DEBUG] ## 恩好的,0.025
[2018-11-13 16:06:32,338][140090870805312][demo_file_server.py][line: 51][DEBUG] ## 他楼上楼下,0.025
[2018-11-13 16:06:32,338][140090870805312][demo_file_server.py][line: 51][DEBUG] ## 零零建行,0.023
[2018-11-13 16:06:32,338][140090870805312][demo_file_server.py][line: 52][DEBUG] ## #############################
[2018-11-13 16:06:32,432][140090870805312][index.py][line: 55][DEBUG] ## 新词：为您服务您好,0.064##哎你好,0.046##打电话过来,0.04##感谢您的,0.036##这边的话,0.034##卡内金额,0.034##抢修师傅,0.029##不要挂机,0.028##语音提示,0.027##尾号六三,0.027##六三零零,0.027##一千两百四十九,0.026##恩好的,0.025##他楼上楼下,0.025##零零建行,0.023
[2018-11-13 16:06:32,433][140090870805312][index.py][line: 56][DEBUG] ## 互信息最小值：0.9774189798558401
[2018-11-13 16:06:32,433][140090870805312][index.py][line: 57][DEBUG] ## 互信息最大值：40.33486884964315
