[2018-11-02 11:50:02,750][140639744201232][index.py][line: 100][DEBUG] ## 接收到的data：
[2018-11-02 11:50:02,751][140639744201232][index.py][line: 101][DEBUG] ## b'{"down_url":"/fileManager/api/file/downloadFileP","_init_companyId":"08d181119a7b4c0e94ff368942fd4420","up_url":"/fileManager/api/file/uploadFileP","access_key":"33a832d7949c11e89024000c2961e520","access_url":"/api/gateway/ticket","ip":"10.0.2.121:80"}'
[2018-11-02 11:50:02,752][140639744201232][index.py][line: 103][DEBUG] ## 解析后的data：
[2018-11-02 11:50:02,752][140639744201232][index.py][line: 104][DEBUG] ## {'down_url': '/fileManager/api/file/downloadFileP', '_init_companyId': '08d181119a7b4c0e94ff368942fd4420', 'up_url': '/fileManager/api/file/uploadFileP', 'access_key': '33a832d7949c11e89024000c2961e520', 'access_url': '/api/gateway/ticket', 'ip': '10.0.2.121:80'}
[2018-11-02 11:50:02,772][140639744201232][index.py][line: 21][INFO] ## -------开始识别-------
[2018-11-02 11:50:02,773][140639744201232][index.py][line: 25][DEBUG] ## 接收到的信息-----：
[2018-11-02 11:50:02,773][140639744201232][index.py][line: 26][DEBUG] ## {'dataID': '7dc2d338de5011e89f4b000c2961e520', 'stopwordID': 'fecad246de4311e8be95000c2961e520', 'N': '5', 'PMI': '18', 'dicwordID': 'b8ee7e68de4411e8be95000c2961e520'}
[2018-11-02 11:50:02,789][140639744201232][data_read_file_server.py][line: 43][DEBUG] ## stopword停用词大小：1
[2018-11-02 11:50:02,802][140639744201232][data_read_file_server.py][line: 63][DEBUG] ## 自定义词大小：1
[2018-11-02 11:50:04,292][140639744201232][data_read_file_server.py][line: 180][DEBUG] ## -----> 开始加载字典树
[2018-11-02 11:50:22,622][140639744201232][data_read_file_server.py][line: 198][DEBUG] ## 加载字典树完毕耗时: 18.330090045928955s
[2018-11-02 11:50:22,622][140639744201232][data_read_file_server.py][line: 81][DEBUG] ## -----> 开始读取数据集
[2018-11-02 11:50:22,636][140639744201232][data_read_file_server.py][line: 90][DEBUG] ## 数据大小：17
[2018-11-02 11:50:22,640][140639744201232][data_read_file_server.py][line: 98][DEBUG] ## 读取完毕耗时: 0.018000125885009766s
[2018-11-02 11:50:22,641][140639744201232][data_read_file_server.py][line: 99][DEBUG] ## date数据集大小：17
[2018-11-02 11:50:22,641][140639744201232][data_read_file_server.py][line: 215][DEBUG] ## ------> 插入节点
[2018-11-02 11:50:22,646][140639744201232][data_read_file_server.py][line: 223][DEBUG] ## 插入完毕耗时: 0.004706621170043945s
[2018-11-02 11:50:23,704][140639744201232][model.py][line: 248][DEBUG] ## 数据集中最小PMI值为：7
[2018-11-02 11:50:23,704][140639744201232][model.py][line: 249][DEBUG] ## 数据集中最大PMI值为：43
[2018-11-02 11:50:24,178][140639744201232][demo_file_server.py][line: 46][INFO] ## 增加了5个新词, 词语和得分分别为
[2018-11-02 11:50:24,179][140639744201232][demo_file_server.py][line: 47][DEBUG] ## #############################
[2018-11-02 11:50:24,179][140639744201232][demo_file_server.py][line: 51][DEBUG] ## 文件服务器,0.533
[2018-11-02 11:50:24,179][140639744201232][demo_file_server.py][line: 51][DEBUG] ## PMI（,0.346
[2018-11-02 11:50:24,179][140639744201232][demo_file_server.py][line: 51][DEBUG] ## （互信息,0.333
[2018-11-02 11:50:24,179][140639744201232][demo_file_server.py][line: 51][DEBUG] ## ID，,0.332
[2018-11-02 11:50:24,180][140639744201232][demo_file_server.py][line: 51][DEBUG] ## 互信息）,0.329
[2018-11-02 11:50:24,180][140639744201232][demo_file_server.py][line: 52][DEBUG] ## #############################
[2018-11-02 11:50:24,272][140639744201232][index.py][line: 55][DEBUG] ## 新词：文件服务器,0.533##PMI（,0.346##（互信息,0.333##ID，,0.332##互信息）,0.329
[2018-11-02 11:50:24,273][140639744201232][index.py][line: 56][DEBUG] ## 互信息最小值：7.5730403393931605
[2018-11-02 11:50:24,273][140639744201232][index.py][line: 57][DEBUG] ## 互信息最大值：43.74720132625767
[2018-11-02 13:22:02,094][140639744201232][index.py][line: 100][DEBUG] ## 接收到的data：
[2018-11-02 13:22:02,112][140639744201232][index.py][line: 101][DEBUG] ## b'{"down_url":"/fileManager/api/file/downloadFileP","_init_companyId":"08d181119a7b4c0e94ff368942fd4420","up_url":"/fileManager/api/file/uploadFileP","access_key":"33a832d7949c11e89024000c2961e520","access_url":"/api/gateway/ticket","ip":"10.0.2.121:80"}'
[2018-11-02 13:22:02,112][140639744201232][index.py][line: 103][DEBUG] ## 解析后的data：
[2018-11-02 13:22:02,112][140639744201232][index.py][line: 104][DEBUG] ## {'down_url': '/fileManager/api/file/downloadFileP', '_init_companyId': '08d181119a7b4c0e94ff368942fd4420', 'up_url': '/fileManager/api/file/uploadFileP', 'access_key': '33a832d7949c11e89024000c2961e520', 'access_url': '/api/gateway/ticket', 'ip': '10.0.2.121:80'}
[2018-11-02 13:22:02,134][140639744201232][index.py][line: 21][INFO] ## -------开始识别-------
[2018-11-02 13:22:02,182][140639744201232][index.py][line: 25][DEBUG] ## 接收到的信息-----：
[2018-11-02 13:22:02,182][140639744201232][index.py][line: 26][DEBUG] ## {'text': '得到指定个数新词及新词概率字符串##第一次启动时需要先设置文件服务器参数##接口参数和得到指定个数新词及新词概率字符串的接口参数一样##追踪报错信息方便排查问题##新词提取对应字段才有结果##如果后期使用时参数有变化可以用set方法设置##使用带参数构造函数', 'stopwordID': 'fecad246de4311e8be95000c2961e520', 'N': '10', 'PMI': '25', 'dicwordID': 'b8ee7e68de4411e8be95000c2961e520'}
[2018-11-02 13:22:02,199][140639744201232][data_read_file_server.py][line: 43][DEBUG] ## stopword停用词大小：1
[2018-11-02 13:22:02,215][140639744201232][data_read_file_server.py][line: 63][DEBUG] ## 自定义词大小：1
[2018-11-02 13:22:02,217][140639744201232][data_read_file_server.py][line: 180][DEBUG] ## -----> 开始加载字典树
[2018-11-02 13:22:20,199][140639744201232][data_read_file_server.py][line: 198][DEBUG] ## 加载字典树完毕耗时: 17.982183933258057s
[2018-11-02 13:22:20,199][140639744201232][data_read_file_server.py][line: 115][DEBUG] ## -----> 开始解析text数据集
[2018-11-02 13:22:20,200][140639744201232][data_read_file_server.py][line: 119][DEBUG] ## 数据大小：7
[2018-11-02 13:22:20,201][140639744201232][data_read_file_server.py][line: 127][DEBUG] ## 解析完毕耗时: 0.0017359256744384766s
[2018-11-02 13:22:20,202][140639744201232][data_read_file_server.py][line: 128][DEBUG] ## date数据集大小：7
[2018-11-02 13:22:20,202][140639744201232][data_read_file_server.py][line: 215][DEBUG] ## ------> 插入节点
[2018-11-02 13:22:20,203][140639744201232][data_read_file_server.py][line: 223][DEBUG] ## 插入完毕耗时: 0.0010488033294677734s
[2018-11-02 13:22:21,250][140639744201232][model.py][line: 248][DEBUG] ## 数据集中最小PMI值为：11
[2018-11-02 13:22:21,251][140639744201232][model.py][line: 249][DEBUG] ## 数据集中最大PMI值为：35
[2018-11-02 13:22:21,749][140639744201232][demo_file_server.py][line: 46][INFO] ## 增加了10个新词, 词语和得分分别为
[2018-11-02 13:22:21,749][140639744201232][demo_file_server.py][line: 47][DEBUG] ## #############################
[2018-11-02 13:22:21,749][140639744201232][demo_file_server.py][line: 51][DEBUG] ## 个数新词,1.233
[2018-11-02 13:22:21,749][140639744201232][demo_file_server.py][line: 51][DEBUG] ## 新词概率,1.186
[2018-11-02 13:22:21,749][140639744201232][demo_file_server.py][line: 51][DEBUG] ## 概率字符串,1.11
[2018-11-02 13:22:21,749][140639744201232][demo_file_server.py][line: 51][DEBUG] ## 接口参数,0.983
[2018-11-02 13:22:21,750][140639744201232][demo_file_server.py][line: 51][DEBUG] ## 新词及,0.949
[2018-11-02 13:22:21,750][140639744201232][demo_file_server.py][line: 51][DEBUG] ## 得到指定,0.815
[2018-11-02 13:22:21,750][140639744201232][demo_file_server.py][line: 51][DEBUG] ## 追踪报错,0.655
[2018-11-02 13:22:21,750][140639744201232][demo_file_server.py][line: 51][DEBUG] ## 参数构造函数,0.652
[2018-11-02 13:22:21,750][140639744201232][demo_file_server.py][line: 51][DEBUG] ## 对应字段,0.612
[2018-11-02 13:22:21,750][140639744201232][demo_file_server.py][line: 51][DEBUG] ## set方法,0.589
[2018-11-02 13:22:21,750][140639744201232][demo_file_server.py][line: 52][DEBUG] ## #############################
[2018-11-02 13:22:21,840][140639744201232][index.py][line: 55][DEBUG] ## 新词：个数新词,1.233##新词概率,1.186##概率字符串,1.11##接口参数,0.983##新词及,0.949##得到指定,0.815##追踪报错,0.655##参数构造函数,0.652##对应字段,0.612##set方法,0.589
[2018-11-02 13:22:21,841][140639744201232][index.py][line: 56][DEBUG] ## 互信息最小值：11.472114869023379
[2018-11-02 13:22:21,841][140639744201232][index.py][line: 57][DEBUG] ## 互信息最大值：35.35318593874369
