[2018-11-14 09:48:16,106][140090868191760][index.py][line: 21][INFO] ## -------开始识别-------
[2018-11-14 09:48:16,107][140090868191760][index.py][line: 25][DEBUG] ## 接收到的信息-----：
[2018-11-14 09:48:16,107][140090868191760][index.py][line: 26][DEBUG] ## {'dataID': '76842f44cd1d11e8be95000c2961e520', 'stopwordID': '0243e66ecd1d11e8be95000c2961e520', 'N': '5', 'PMI': '18', 'dicwordID': '0249d9e0cd1d11e8be95000c2961e520'}
[2018-11-14 09:48:16,116][140090868191760][data_read_file_server.py][line: 43][DEBUG] ## stopword停用词大小：1
[2018-11-14 09:48:16,126][140090868191760][data_read_file_server.py][line: 63][DEBUG] ## 自定义词大小：1
[2018-11-14 09:48:16,128][140090868191760][data_read_file_server.py][line: 180][DEBUG] ## -----> 开始加载字典树
[2018-11-14 09:48:34,049][140090868191760][data_read_file_server.py][line: 198][DEBUG] ## 加载字典树完毕耗时: 17.921290636062622s
[2018-11-14 09:48:34,050][140090868191760][data_read_file_server.py][line: 81][DEBUG] ## -----> 开始读取数据集
[2018-11-14 09:48:34,064][140090868191760][data_read_file_server.py][line: 90][DEBUG] ## 数据大小：1
[2018-11-14 09:48:34,065][140090868191760][data_read_file_server.py][line: 98][DEBUG] ## 读取完毕耗时: 0.015400886535644531s
[2018-11-14 09:48:34,065][140090868191760][data_read_file_server.py][line: 99][DEBUG] ## date数据集大小：1
[2018-11-14 09:48:34,065][140090868191760][data_read_file_server.py][line: 215][DEBUG] ## ------> 插入节点
[2018-11-14 09:48:34,067][140090868191760][data_read_file_server.py][line: 223][DEBUG] ## 插入完毕耗时: 0.0009434223175048828s
[2018-11-14 09:48:35,090][140090868191760][model.py][line: 248][DEBUG] ## 数据集中最小PMI值为：41
[2018-11-14 09:48:35,090][140090868191760][model.py][line: 249][DEBUG] ## 数据集中最大PMI值为：45
[2018-11-14 09:48:35,557][140090868191760][demo_file_server.py][line: 46][INFO] ## 增加了5个新词, 词语和得分分别为
[2018-11-14 09:48:35,557][140090868191760][demo_file_server.py][line: 47][DEBUG] ## #############################
[2018-11-14 09:48:35,558][140090868191760][demo_file_server.py][line: 51][DEBUG] ## ":,4.314
[2018-11-14 09:48:35,558][140090868191760][demo_file_server.py][line: 51][DEBUG] ## ",,1.641
[2018-11-14 09:48:35,558][140090868191760][demo_file_server.py][line: 51][DEBUG] ## Internal ,0.901
[2018-11-14 09:48:35,558][140090868191760][demo_file_server.py][line: 51][DEBUG] ##  Server,0.901
[2018-11-14 09:48:35,558][140090868191760][demo_file_server.py][line: 51][DEBUG] ##  Error,0.901
[2018-11-14 09:48:35,558][140090868191760][demo_file_server.py][line: 52][DEBUG] ## #############################
[2018-11-14 09:48:35,647][140090868191760][index.py][line: 55][DEBUG] ## 新词：":,4.314##",,1.641##Internal ,0.901## Server,0.901## Error,0.901
[2018-11-14 09:48:35,647][140090868191760][index.py][line: 56][DEBUG] ## 互信息最小值：41.03407237873342
[2018-11-14 09:48:35,647][140090868191760][index.py][line: 57][DEBUG] ## 互信息最大值：45.03407237873343
[2018-11-14 10:23:13,710][140090868193128][index.py][line: 21][INFO] ## -------开始识别-------
[2018-11-14 10:23:13,710][140090868193128][index.py][line: 25][DEBUG] ## 接收到的信息-----：
[2018-11-14 10:23:13,711][140090868193128][index.py][line: 26][DEBUG] ## {'dataID': '76842f44cd1d11e8be95000c2961e520', 'dicwordID': '0249d9e0cd1d11e8be95000c2961e520', 'PMI': '18', 'N': '5', 'stopwordID': '0243e66ecd1d11e8be95000c2961e520'}
[2018-11-14 10:23:13,722][140090868193128][data_read_file_server.py][line: 43][DEBUG] ## stopword停用词大小：1
[2018-11-14 10:23:13,730][140090868193128][data_read_file_server.py][line: 63][DEBUG] ## 自定义词大小：1
[2018-11-14 10:23:13,732][140090868193128][data_read_file_server.py][line: 180][DEBUG] ## -----> 开始加载字典树
[2018-11-14 10:23:31,750][140090868193128][data_read_file_server.py][line: 198][DEBUG] ## 加载字典树完毕耗时: 18.01818585395813s
[2018-11-14 10:23:31,751][140090868193128][data_read_file_server.py][line: 81][DEBUG] ## -----> 开始读取数据集
[2018-11-14 10:23:31,759][140090868193128][data_read_file_server.py][line: 90][DEBUG] ## 数据大小：1
[2018-11-14 10:23:31,760][140090868193128][data_read_file_server.py][line: 98][DEBUG] ## 读取完毕耗时: 0.009343624114990234s
[2018-11-14 10:23:31,760][140090868193128][data_read_file_server.py][line: 99][DEBUG] ## date数据集大小：1
[2018-11-14 10:23:31,761][140090868193128][data_read_file_server.py][line: 215][DEBUG] ## ------> 插入节点
[2018-11-14 10:23:31,762][140090868193128][data_read_file_server.py][line: 223][DEBUG] ## 插入完毕耗时: 0.0009446144104003906s
[2018-11-14 10:23:32,804][140090868193128][model.py][line: 248][DEBUG] ## 数据集中最小PMI值为：41
[2018-11-14 10:23:32,804][140090868193128][model.py][line: 249][DEBUG] ## 数据集中最大PMI值为：45
[2018-11-14 10:23:33,292][140090868193128][demo_file_server.py][line: 46][INFO] ## 增加了5个新词, 词语和得分分别为
[2018-11-14 10:23:33,293][140090868193128][demo_file_server.py][line: 47][DEBUG] ## #############################
[2018-11-14 10:23:33,293][140090868193128][demo_file_server.py][line: 51][DEBUG] ## ":,4.314
[2018-11-14 10:23:33,293][140090868193128][demo_file_server.py][line: 51][DEBUG] ## ",,1.641
[2018-11-14 10:23:33,293][140090868193128][demo_file_server.py][line: 51][DEBUG] ## Internal ,0.901
[2018-11-14 10:23:33,293][140090868193128][demo_file_server.py][line: 51][DEBUG] ##  Server,0.901
[2018-11-14 10:23:33,293][140090868193128][demo_file_server.py][line: 51][DEBUG] ##  Error,0.901
[2018-11-14 10:23:33,294][140090868193128][demo_file_server.py][line: 52][DEBUG] ## #############################
[2018-11-14 10:23:33,383][140090868193128][index.py][line: 55][DEBUG] ## 新词：":,4.314##",,1.641##Internal ,0.901## Server,0.901## Error,0.901
[2018-11-14 10:23:33,383][140090868193128][index.py][line: 56][DEBUG] ## 互信息最小值：41.03407237873342
[2018-11-14 10:23:33,383][140090868193128][index.py][line: 57][DEBUG] ## 互信息最大值：45.03407237873343
[2018-11-14 10:23:33,393][140090868193128][index.py][line: 21][INFO] ## -------开始识别-------
[2018-11-14 10:23:33,394][140090868193128][index.py][line: 25][DEBUG] ## 接收到的信息-----：
[2018-11-14 10:23:33,394][140090868193128][index.py][line: 26][DEBUG] ## {'dataID': '76842f44cd1d11e8be95000c2961e520', 'dicwordID': '0249d9e0cd1d11e8be95000c2961e520', 'PMI': '18', 'N': '5', 'stopwordID': '0243e66ecd1d11e8be95000c2961e520'}
[2018-11-14 10:23:33,403][140090868193128][data_read_file_server.py][line: 43][DEBUG] ## stopword停用词大小：1
[2018-11-14 10:23:33,410][140090868193128][data_read_file_server.py][line: 63][DEBUG] ## 自定义词大小：1
[2018-11-14 10:23:33,412][140090868193128][data_read_file_server.py][line: 180][DEBUG] ## -----> 开始加载字典树
[2018-11-14 10:23:51,249][140090868193128][data_read_file_server.py][line: 198][DEBUG] ## 加载字典树完毕耗时: 17.836464405059814s
[2018-11-14 10:23:51,249][140090868193128][data_read_file_server.py][line: 81][DEBUG] ## -----> 开始读取数据集
[2018-11-14 10:23:51,258][140090868193128][data_read_file_server.py][line: 90][DEBUG] ## 数据大小：1
[2018-11-14 10:23:51,259][140090868193128][data_read_file_server.py][line: 98][DEBUG] ## 读取完毕耗时: 0.009652853012084961s
[2018-11-14 10:23:51,259][140090868193128][data_read_file_server.py][line: 99][DEBUG] ## date数据集大小：1
[2018-11-14 10:23:51,259][140090868193128][data_read_file_server.py][line: 215][DEBUG] ## ------> 插入节点
[2018-11-14 10:23:51,260][140090868193128][data_read_file_server.py][line: 223][DEBUG] ## 插入完毕耗时: 0.0009348392486572266s
[2018-11-14 10:23:52,294][140090868193128][model.py][line: 248][DEBUG] ## 数据集中最小PMI值为：41
[2018-11-14 10:23:52,294][140090868193128][model.py][line: 249][DEBUG] ## 数据集中最大PMI值为：45
[2018-11-14 10:23:52,779][140090868193128][demo_file_server.py][line: 46][INFO] ## 增加了5个新词, 词语和得分分别为
[2018-11-14 10:23:52,779][140090868193128][demo_file_server.py][line: 47][DEBUG] ## #############################
[2018-11-14 10:23:52,779][140090868193128][demo_file_server.py][line: 51][DEBUG] ## ":,4.314
[2018-11-14 10:23:52,779][140090868193128][demo_file_server.py][line: 51][DEBUG] ## ",,1.641
[2018-11-14 10:23:52,780][140090868193128][demo_file_server.py][line: 51][DEBUG] ## Internal ,0.901
[2018-11-14 10:23:52,780][140090868193128][demo_file_server.py][line: 51][DEBUG] ##  Server,0.901
[2018-11-14 10:23:52,780][140090868193128][demo_file_server.py][line: 51][DEBUG] ##  Error,0.901
[2018-11-14 10:23:52,780][140090868193128][demo_file_server.py][line: 52][DEBUG] ## #############################
[2018-11-14 10:23:52,869][140090868193128][index.py][line: 55][DEBUG] ## 新词：":,4.314##",,1.641##Internal ,0.901## Server,0.901## Error,0.901
[2018-11-14 10:23:52,869][140090868193128][index.py][line: 56][DEBUG] ## 互信息最小值：41.03407237873342
[2018-11-14 10:23:52,870][140090868193128][index.py][line: 57][DEBUG] ## 互信息最大值：45.03407237873343
[2018-11-14 10:23:52,881][140090868193128][index.py][line: 21][INFO] ## -------开始识别-------
[2018-11-14 10:23:52,882][140090868193128][index.py][line: 25][DEBUG] ## 接收到的信息-----：
[2018-11-14 10:23:52,882][140090868193128][index.py][line: 26][DEBUG] ## {'dataID': '76842f44cd1d11e8be95000c2961e520', 'dicwordID': '0249d9e0cd1d11e8be95000c2961e520', 'PMI': '18', 'N': '5', 'stopwordID': '0243e66ecd1d11e8be95000c2961e520'}
[2018-11-14 10:23:52,891][140090868193128][data_read_file_server.py][line: 43][DEBUG] ## stopword停用词大小：1
[2018-11-14 10:23:52,898][140090868193128][data_read_file_server.py][line: 63][DEBUG] ## 自定义词大小：1
[2018-11-14 10:23:52,900][140090868193128][data_read_file_server.py][line: 180][DEBUG] ## -----> 开始加载字典树
[2018-11-14 10:24:10,837][140090868193128][data_read_file_server.py][line: 198][DEBUG] ## 加载字典树完毕耗时: 17.93715000152588s
[2018-11-14 10:24:10,838][140090868193128][data_read_file_server.py][line: 81][DEBUG] ## -----> 开始读取数据集
[2018-11-14 10:24:10,846][140090868193128][data_read_file_server.py][line: 90][DEBUG] ## 数据大小：1
[2018-11-14 10:24:10,847][140090868193128][data_read_file_server.py][line: 98][DEBUG] ## 读取完毕耗时: 0.009661436080932617s
[2018-11-14 10:24:10,848][140090868193128][data_read_file_server.py][line: 99][DEBUG] ## date数据集大小：1
[2018-11-14 10:24:10,848][140090868193128][data_read_file_server.py][line: 215][DEBUG] ## ------> 插入节点
[2018-11-14 10:24:10,849][140090868193128][data_read_file_server.py][line: 223][DEBUG] ## 插入完毕耗时: 0.0009295940399169922s
[2018-11-14 10:24:11,873][140090868193128][model.py][line: 248][DEBUG] ## 数据集中最小PMI值为：41
[2018-11-14 10:24:11,873][140090868193128][model.py][line: 249][DEBUG] ## 数据集中最大PMI值为：45
[2018-11-14 10:24:12,344][140090868193128][demo_file_server.py][line: 46][INFO] ## 增加了5个新词, 词语和得分分别为
[2018-11-14 10:24:12,344][140090868193128][demo_file_server.py][line: 47][DEBUG] ## #############################
[2018-11-14 10:24:12,345][140090868193128][demo_file_server.py][line: 51][DEBUG] ## ":,4.314
[2018-11-14 10:24:12,345][140090868193128][demo_file_server.py][line: 51][DEBUG] ## ",,1.641
[2018-11-14 10:24:12,345][140090868193128][demo_file_server.py][line: 51][DEBUG] ## Internal ,0.901
[2018-11-14 10:24:12,345][140090868193128][demo_file_server.py][line: 51][DEBUG] ##  Server,0.901
[2018-11-14 10:24:12,345][140090868193128][demo_file_server.py][line: 51][DEBUG] ##  Error,0.901
[2018-11-14 10:24:12,345][140090868193128][demo_file_server.py][line: 52][DEBUG] ## #############################
[2018-11-14 10:24:12,435][140090868193128][index.py][line: 55][DEBUG] ## 新词：":,4.314##",,1.641##Internal ,0.901## Server,0.901## Error,0.901
[2018-11-14 10:24:12,435][140090868193128][index.py][line: 56][DEBUG] ## 互信息最小值：41.03407237873342
[2018-11-14 10:24:12,435][140090868193128][index.py][line: 57][DEBUG] ## 互信息最大值：45.03407237873343
[2018-11-14 10:24:12,452][140090868193128][index.py][line: 21][INFO] ## -------开始识别-------
[2018-11-14 10:24:12,452][140090868193128][index.py][line: 25][DEBUG] ## 接收到的信息-----：
[2018-11-14 10:24:12,452][140090868193128][index.py][line: 26][DEBUG] ## {'dataID': '76842f44cd1d11e8be95000c2961e520', 'dicwordID': '0249d9e0cd1d11e8be95000c2961e520', 'PMI': '18', 'N': '5', 'stopwordID': '0243e66ecd1d11e8be95000c2961e520'}
[2018-11-14 10:24:12,460][140090868193128][data_read_file_server.py][line: 43][DEBUG] ## stopword停用词大小：1
[2018-11-14 10:24:12,468][140090868193128][data_read_file_server.py][line: 63][DEBUG] ## 自定义词大小：1
[2018-11-14 10:24:12,469][140090868193128][data_read_file_server.py][line: 180][DEBUG] ## -----> 开始加载字典树
[2018-11-14 10:24:30,328][140090868193128][data_read_file_server.py][line: 198][DEBUG] ## 加载字典树完毕耗时: 17.857924938201904s
[2018-11-14 10:24:30,328][140090868193128][data_read_file_server.py][line: 81][DEBUG] ## -----> 开始读取数据集
[2018-11-14 10:24:30,337][140090868193128][data_read_file_server.py][line: 90][DEBUG] ## 数据大小：1
[2018-11-14 10:24:30,338][140090868193128][data_read_file_server.py][line: 98][DEBUG] ## 读取完毕耗时: 0.009840250015258789s
[2018-11-14 10:24:30,338][140090868193128][data_read_file_server.py][line: 99][DEBUG] ## date数据集大小：1
[2018-11-14 10:24:30,338][140090868193128][data_read_file_server.py][line: 215][DEBUG] ## ------> 插入节点
[2018-11-14 10:24:30,339][140090868193128][data_read_file_server.py][line: 223][DEBUG] ## 插入完毕耗时: 0.0009365081787109375s
[2018-11-14 10:24:31,382][140090868193128][model.py][line: 248][DEBUG] ## 数据集中最小PMI值为：41
[2018-11-14 10:24:31,382][140090868193128][model.py][line: 249][DEBUG] ## 数据集中最大PMI值为：45
[2018-11-14 10:24:31,870][140090868193128][demo_file_server.py][line: 46][INFO] ## 增加了5个新词, 词语和得分分别为
[2018-11-14 10:24:31,870][140090868193128][demo_file_server.py][line: 47][DEBUG] ## #############################
[2018-11-14 10:24:31,870][140090868193128][demo_file_server.py][line: 51][DEBUG] ## ":,4.314
[2018-11-14 10:24:31,871][140090868193128][demo_file_server.py][line: 51][DEBUG] ## ",,1.641
[2018-11-14 10:24:31,871][140090868193128][demo_file_server.py][line: 51][DEBUG] ## Internal ,0.901
[2018-11-14 10:24:31,871][140090868193128][demo_file_server.py][line: 51][DEBUG] ##  Server,0.901
[2018-11-14 10:24:31,871][140090868193128][demo_file_server.py][line: 51][DEBUG] ##  Error,0.901
[2018-11-14 10:24:31,871][140090868193128][demo_file_server.py][line: 52][DEBUG] ## #############################
[2018-11-14 10:24:31,961][140090868193128][index.py][line: 55][DEBUG] ## 新词：":,4.314##",,1.641##Internal ,0.901## Server,0.901## Error,0.901
[2018-11-14 10:24:31,961][140090868193128][index.py][line: 56][DEBUG] ## 互信息最小值：41.03407237873342
[2018-11-14 10:24:31,961][140090868193128][index.py][line: 57][DEBUG] ## 互信息最大值：45.03407237873343
[2018-11-14 10:24:31,973][140090868193128][index.py][line: 21][INFO] ## -------开始识别-------
[2018-11-14 10:24:31,973][140090868193128][index.py][line: 25][DEBUG] ## 接收到的信息-----：
[2018-11-14 10:24:31,973][140090868193128][index.py][line: 26][DEBUG] ## {'dataID': '76842f44cd1d11e8be95000c2961e520', 'dicwordID': '0249d9e0cd1d11e8be95000c2961e520', 'PMI': '18', 'N': '5', 'stopwordID': '0243e66ecd1d11e8be95000c2961e520'}
[2018-11-14 10:24:31,982][140090868193128][data_read_file_server.py][line: 43][DEBUG] ## stopword停用词大小：1
[2018-11-14 10:24:31,990][140090868193128][data_read_file_server.py][line: 63][DEBUG] ## 自定义词大小：1
[2018-11-14 10:24:31,991][140090868193128][data_read_file_server.py][line: 180][DEBUG] ## -----> 开始加载字典树
[2018-11-14 10:24:49,837][140090868193128][data_read_file_server.py][line: 198][DEBUG] ## 加载字典树完毕耗时: 17.845033407211304s
[2018-11-14 10:24:49,837][140090868193128][data_read_file_server.py][line: 81][DEBUG] ## -----> 开始读取数据集
[2018-11-14 10:24:49,846][140090868193128][data_read_file_server.py][line: 90][DEBUG] ## 数据大小：1
[2018-11-14 10:24:49,847][140090868193128][data_read_file_server.py][line: 98][DEBUG] ## 读取完毕耗时: 0.009727239608764648s
[2018-11-14 10:24:49,847][140090868193128][data_read_file_server.py][line: 99][DEBUG] ## date数据集大小：1
[2018-11-14 10:24:49,847][140090868193128][data_read_file_server.py][line: 215][DEBUG] ## ------> 插入节点
[2018-11-14 10:24:49,848][140090868193128][data_read_file_server.py][line: 223][DEBUG] ## 插入完毕耗时: 0.0009360313415527344s
[2018-11-14 10:24:50,866][140090868193128][model.py][line: 248][DEBUG] ## 数据集中最小PMI值为：41
[2018-11-14 10:24:50,867][140090868193128][model.py][line: 249][DEBUG] ## 数据集中最大PMI值为：45
[2018-11-14 10:24:51,333][140090868193128][demo_file_server.py][line: 46][INFO] ## 增加了5个新词, 词语和得分分别为
[2018-11-14 10:24:51,333][140090868193128][demo_file_server.py][line: 47][DEBUG] ## #############################
[2018-11-14 10:24:51,334][140090868193128][demo_file_server.py][line: 51][DEBUG] ## ":,4.314
[2018-11-14 10:24:51,334][140090868193128][demo_file_server.py][line: 51][DEBUG] ## ",,1.641
[2018-11-14 10:24:51,334][140090868193128][demo_file_server.py][line: 51][DEBUG] ## Internal ,0.901
[2018-11-14 10:24:51,334][140090868193128][demo_file_server.py][line: 51][DEBUG] ##  Server,0.901
[2018-11-14 10:24:51,334][140090868193128][demo_file_server.py][line: 51][DEBUG] ##  Error,0.901
[2018-11-14 10:24:51,334][140090868193128][demo_file_server.py][line: 52][DEBUG] ## #############################
[2018-11-14 10:24:51,425][140090868193128][index.py][line: 55][DEBUG] ## 新词：":,4.314##",,1.641##Internal ,0.901## Server,0.901## Error,0.901
[2018-11-14 10:24:51,425][140090868193128][index.py][line: 56][DEBUG] ## 互信息最小值：41.03407237873342
[2018-11-14 10:24:51,425][140090868193128][index.py][line: 57][DEBUG] ## 互信息最大值：45.03407237873343
[2018-11-14 10:24:51,435][140090868193128][index.py][line: 21][INFO] ## -------开始识别-------
[2018-11-14 10:24:51,436][140090868193128][index.py][line: 25][DEBUG] ## 接收到的信息-----：
[2018-11-14 10:24:51,436][140090868193128][index.py][line: 26][DEBUG] ## {'dataID': '76842f44cd1d11e8be95000c2961e520', 'dicwordID': '0249d9e0cd1d11e8be95000c2961e520', 'PMI': '18', 'N': '5', 'stopwordID': '0243e66ecd1d11e8be95000c2961e520'}
[2018-11-14 10:24:51,444][140090868193128][data_read_file_server.py][line: 43][DEBUG] ## stopword停用词大小：1
[2018-11-14 10:24:51,452][140090868193128][data_read_file_server.py][line: 63][DEBUG] ## 自定义词大小：1
[2018-11-14 10:24:51,453][140090868193128][data_read_file_server.py][line: 180][DEBUG] ## -----> 开始加载字典树
[2018-11-14 10:25:09,248][140090868193128][data_read_file_server.py][line: 198][DEBUG] ## 加载字典树完毕耗时: 17.793976545333862s
[2018-11-14 10:25:09,248][140090868193128][data_read_file_server.py][line: 81][DEBUG] ## -----> 开始读取数据集
[2018-11-14 10:25:09,257][140090868193128][data_read_file_server.py][line: 90][DEBUG] ## 数据大小：1
[2018-11-14 10:25:09,258][140090868193128][data_read_file_server.py][line: 98][DEBUG] ## 读取完毕耗时: 0.009638309478759766s
[2018-11-14 10:25:09,258][140090868193128][data_read_file_server.py][line: 99][DEBUG] ## date数据集大小：1
[2018-11-14 10:25:09,258][140090868193128][data_read_file_server.py][line: 215][DEBUG] ## ------> 插入节点
[2018-11-14 10:25:09,259][140090868193128][data_read_file_server.py][line: 223][DEBUG] ## 插入完毕耗时: 0.0009374618530273438s
[2018-11-14 10:25:10,291][140090868193128][model.py][line: 248][DEBUG] ## 数据集中最小PMI值为：41
[2018-11-14 10:25:10,292][140090868193128][model.py][line: 249][DEBUG] ## 数据集中最大PMI值为：45
[2018-11-14 10:25:10,774][140090868193128][demo_file_server.py][line: 46][INFO] ## 增加了5个新词, 词语和得分分别为
[2018-11-14 10:25:10,774][140090868193128][demo_file_server.py][line: 47][DEBUG] ## #############################
[2018-11-14 10:25:10,775][140090868193128][demo_file_server.py][line: 51][DEBUG] ## ":,4.314
[2018-11-14 10:25:10,775][140090868193128][demo_file_server.py][line: 51][DEBUG] ## ",,1.641
[2018-11-14 10:25:10,775][140090868193128][demo_file_server.py][line: 51][DEBUG] ## Internal ,0.901
[2018-11-14 10:25:10,775][140090868193128][demo_file_server.py][line: 51][DEBUG] ##  Server,0.901
[2018-11-14 10:25:10,775][140090868193128][demo_file_server.py][line: 51][DEBUG] ##  Error,0.901
[2018-11-14 10:25:10,775][140090868193128][demo_file_server.py][line: 52][DEBUG] ## #############################
[2018-11-14 10:25:10,865][140090868193128][index.py][line: 55][DEBUG] ## 新词：":,4.314##",,1.641##Internal ,0.901## Server,0.901## Error,0.901
[2018-11-14 10:25:10,865][140090868193128][index.py][line: 56][DEBUG] ## 互信息最小值：41.03407237873342
[2018-11-14 10:25:10,865][140090868193128][index.py][line: 57][DEBUG] ## 互信息最大值：45.03407237873343
[2018-11-14 10:25:10,876][140090868193128][index.py][line: 21][INFO] ## -------开始识别-------
[2018-11-14 10:25:10,876][140090868193128][index.py][line: 25][DEBUG] ## 接收到的信息-----：
[2018-11-14 10:25:10,876][140090868193128][index.py][line: 26][DEBUG] ## {'dataID': '76842f44cd1d11e8be95000c2961e520', 'dicwordID': '0249d9e0cd1d11e8be95000c2961e520', 'PMI': '18', 'N': '5', 'stopwordID': '0243e66ecd1d11e8be95000c2961e520'}
[2018-11-14 10:25:10,885][140090868193128][data_read_file_server.py][line: 43][DEBUG] ## stopword停用词大小：1
[2018-11-14 10:25:10,893][140090868193128][data_read_file_server.py][line: 63][DEBUG] ## 自定义词大小：1
[2018-11-14 10:25:10,894][140090868193128][data_read_file_server.py][line: 180][DEBUG] ## -----> 开始加载字典树
[2018-11-14 10:25:28,622][140090868193128][data_read_file_server.py][line: 198][DEBUG] ## 加载字典树完毕耗时: 17.727424383163452s
[2018-11-14 10:25:28,622][140090868193128][data_read_file_server.py][line: 81][DEBUG] ## -----> 开始读取数据集
[2018-11-14 10:25:28,630][140090868193128][data_read_file_server.py][line: 90][DEBUG] ## 数据大小：1
[2018-11-14 10:25:28,631][140090868193128][data_read_file_server.py][line: 98][DEBUG] ## 读取完毕耗时: 0.009242057800292969s
[2018-11-14 10:25:28,632][140090868193128][data_read_file_server.py][line: 99][DEBUG] ## date数据集大小：1
[2018-11-14 10:25:28,632][140090868193128][data_read_file_server.py][line: 215][DEBUG] ## ------> 插入节点
[2018-11-14 10:25:28,633][140090868193128][data_read_file_server.py][line: 223][DEBUG] ## 插入完毕耗时: 0.0009357929229736328s
[2018-11-14 10:25:29,672][140090868193128][model.py][line: 248][DEBUG] ## 数据集中最小PMI值为：41
[2018-11-14 10:25:29,672][140090868193128][model.py][line: 249][DEBUG] ## 数据集中最大PMI值为：45
[2018-11-14 10:25:30,158][140090868193128][demo_file_server.py][line: 46][INFO] ## 增加了5个新词, 词语和得分分别为
[2018-11-14 10:25:30,158][140090868193128][demo_file_server.py][line: 47][DEBUG] ## #############################
[2018-11-14 10:25:30,158][140090868193128][demo_file_server.py][line: 51][DEBUG] ## ":,4.314
[2018-11-14 10:25:30,158][140090868193128][demo_file_server.py][line: 51][DEBUG] ## ",,1.641
[2018-11-14 10:25:30,158][140090868193128][demo_file_server.py][line: 51][DEBUG] ## Internal ,0.901
[2018-11-14 10:25:30,159][140090868193128][demo_file_server.py][line: 51][DEBUG] ##  Server,0.901
[2018-11-14 10:25:30,159][140090868193128][demo_file_server.py][line: 51][DEBUG] ##  Error,0.901
[2018-11-14 10:25:30,159][140090868193128][demo_file_server.py][line: 52][DEBUG] ## #############################
[2018-11-14 10:25:30,248][140090868193128][index.py][line: 55][DEBUG] ## 新词：":,4.314##",,1.641##Internal ,0.901## Server,0.901## Error,0.901
[2018-11-14 10:25:30,249][140090868193128][index.py][line: 56][DEBUG] ## 互信息最小值：41.03407237873342
[2018-11-14 10:25:30,249][140090868193128][index.py][line: 57][DEBUG] ## 互信息最大值：45.03407237873343
