[2018-10-24 16:59:07,111][21176][index.py][line: 21][INFO] ## -------开始识别-------
[2018-10-24 16:59:07,111][21176][index.py][line: 25][DEBUG] ## 接收到的信息-----：
[2018-10-24 16:59:07,111][21176][index.py][line: 26][DEBUG] ## {'dicwordID': '0249d9e0cd1d11e8be95000c2961e520', 'dataID': '76842f44cd1d11e8be95000c2961e520', 'stopwordID': '0243e66ecd1d11e8be95000c2961e520', 'N': '5', 'PMI': '18'}
[2018-10-24 16:59:07,141][21176][data_read_file_server.py][line: 43][DEBUG] ## stopword停用词大小：1713
[2018-10-24 16:59:07,151][21176][data_read_file_server.py][line: 63][DEBUG] ## 自定义词大小：1
[2018-10-24 16:59:07,881][21176][data_read_file_server.py][line: 180][DEBUG] ## -----> 开始加载字典树
[2018-10-24 16:59:15,681][21176][data_read_file_server.py][line: 198][DEBUG] ## 加载字典树完毕耗时: 7.799973249435425s
[2018-10-24 16:59:15,681][21176][data_read_file_server.py][line: 81][DEBUG] ## -----> 开始读取数据集
[2018-10-24 16:59:15,701][21176][data_read_file_server.py][line: 90][DEBUG] ## 数据大小：105
[2018-10-24 16:59:15,701][21176][data_read_file_server.py][line: 98][DEBUG] ## 读取完毕耗时: 0.020111560821533203s
[2018-10-24 16:59:15,701][21176][data_read_file_server.py][line: 99][DEBUG] ## date数据集大小：105
[2018-10-24 16:59:15,701][21176][data_read_file_server.py][line: 215][DEBUG] ## ------> 插入节点
[2018-10-24 16:59:15,701][21176][data_read_file_server.py][line: 223][DEBUG] ## 插入完毕耗时: 0.0s
[2018-10-24 16:59:16,581][21176][model.py][line: 248][DEBUG] ## 数据集中最小PMI值为：16
[2018-10-24 16:59:16,581][21176][model.py][line: 249][DEBUG] ## 数据集中最大PMI值为：43
[2018-10-24 16:59:17,081][21176][demo_file_server.py][line: 46][INFO] ## 增加了5个新词, 词语和得分分别为
[2018-10-24 16:59:17,081][21176][demo_file_server.py][line: 47][DEBUG] ## #############################
[2018-10-24 16:59:17,081][21176][demo_file_server.py][line: 51][DEBUG] ## 营业厅查询,2.059
[2018-10-24 16:59:17,081][21176][demo_file_server.py][line: 51][DEBUG] ## 查询公建,1.64
[2018-10-24 16:59:17,081][21176][demo_file_server.py][line: 51][DEBUG] ## 查询费用,0.682
[2018-10-24 16:59:17,081][21176][demo_file_server.py][line: 51][DEBUG] ## 查询资料,0.647
[2018-10-24 16:59:17,081][21176][demo_file_server.py][line: 51][DEBUG] ## 公建资料,0.54
[2018-10-24 16:59:17,081][21176][demo_file_server.py][line: 52][DEBUG] ## #############################
[2018-10-24 16:59:17,381][21176][index.py][line: 55][DEBUG] ## 新词：营业厅查询,2.059##查询公建,1.64##查询费用,0.682##查询资料,0.647##公建资料,0.54
[2018-10-24 16:59:17,381][21176][index.py][line: 56][DEBUG] ## 互信息最小值：16.3679985412975
[2018-10-24 16:59:17,381][21176][index.py][line: 57][DEBUG] ## 互信息最大值：43.91639036381736
[2018-10-24 17:02:43,938][21176][index.py][line: 21][INFO] ## -------开始识别-------
[2018-10-24 17:02:43,939][21176][index.py][line: 25][DEBUG] ## 接收到的信息-----：
[2018-10-24 17:02:43,939][21176][index.py][line: 26][DEBUG] ## {'dicwordID': '0249d9e0cd1d11e8be95000c2961e520', 'dataID': '76842f44cd1d11e8be95000c2961e520', 'stopwordID': '0243e66ecd1d11e8be95000c2961e520', 'N': '5', 'PMI': '18'}
[2018-10-24 17:02:43,959][21176][data_read_file_server.py][line: 43][DEBUG] ## stopword停用词大小：1713
[2018-10-24 17:02:43,969][21176][data_read_file_server.py][line: 63][DEBUG] ## 自定义词大小：1
[2018-10-24 17:02:43,969][21176][data_read_file_server.py][line: 180][DEBUG] ## -----> 开始加载字典树
[2018-10-24 17:02:51,719][21176][data_read_file_server.py][line: 198][DEBUG] ## 加载字典树完毕耗时: 7.7497899532318115s
[2018-10-24 17:02:51,719][21176][data_read_file_server.py][line: 81][DEBUG] ## -----> 开始读取数据集
[2018-10-24 17:02:51,729][21176][data_read_file_server.py][line: 90][DEBUG] ## 数据大小：105
[2018-10-24 17:02:51,739][21176][data_read_file_server.py][line: 98][DEBUG] ## 读取完毕耗时: 0.020027875900268555s
[2018-10-24 17:02:51,739][21176][data_read_file_server.py][line: 99][DEBUG] ## date数据集大小：105
[2018-10-24 17:02:51,739][21176][data_read_file_server.py][line: 215][DEBUG] ## ------> 插入节点
[2018-10-24 17:02:51,739][21176][data_read_file_server.py][line: 223][DEBUG] ## 插入完毕耗时: 0.0s
[2018-10-24 17:02:52,589][21176][model.py][line: 248][DEBUG] ## 数据集中最小PMI值为：16
[2018-10-24 17:02:52,589][21176][model.py][line: 249][DEBUG] ## 数据集中最大PMI值为：43
[2018-10-24 17:02:53,059][21176][demo_file_server.py][line: 46][INFO] ## 增加了5个新词, 词语和得分分别为
[2018-10-24 17:02:53,059][21176][demo_file_server.py][line: 47][DEBUG] ## #############################
[2018-10-24 17:02:53,059][21176][demo_file_server.py][line: 51][DEBUG] ## 营业厅查询,2.059
[2018-10-24 17:02:53,059][21176][demo_file_server.py][line: 51][DEBUG] ## 查询公建,1.64
[2018-10-24 17:02:53,059][21176][demo_file_server.py][line: 51][DEBUG] ## 查询费用,0.682
[2018-10-24 17:02:53,059][21176][demo_file_server.py][line: 51][DEBUG] ## 查询资料,0.647
[2018-10-24 17:02:53,059][21176][demo_file_server.py][line: 51][DEBUG] ## 公建资料,0.54
[2018-10-24 17:02:53,059][21176][demo_file_server.py][line: 52][DEBUG] ## #############################
[2018-10-24 17:02:53,359][21176][index.py][line: 55][DEBUG] ## 新词：营业厅查询,2.059##查询公建,1.64##查询费用,0.682##查询资料,0.647##公建资料,0.54
[2018-10-24 17:02:53,359][21176][index.py][line: 56][DEBUG] ## 互信息最小值：16.3679985412975
[2018-10-24 17:02:53,359][21176][index.py][line: 57][DEBUG] ## 互信息最大值：43.91639036381736
[2018-10-24 17:05:36,800][21176][index.py][line: 21][INFO] ## -------开始识别-------
[2018-10-24 17:05:36,800][21176][index.py][line: 25][DEBUG] ## 接收到的信息-----：
[2018-10-24 17:05:36,800][21176][index.py][line: 26][DEBUG] ## {'dicwordID': '0249d9e0cd1d11e8be95000c2961e520', 'dataID': '76842f44cd1d11e8be95000c2961e520', 'stopwordID': '0243e66ecd1d11e8be95000c2961e520', 'N': '5', 'PMI': '18'}
[2018-10-24 17:05:36,820][21176][data_read_file_server.py][line: 43][DEBUG] ## stopword停用词大小：1713
[2018-10-24 17:05:36,830][21176][data_read_file_server.py][line: 63][DEBUG] ## 自定义词大小：1
[2018-10-24 17:05:36,840][21176][data_read_file_server.py][line: 180][DEBUG] ## -----> 开始加载字典树
[2018-10-24 17:05:44,590][21176][data_read_file_server.py][line: 198][DEBUG] ## 加载字典树完毕耗时: 7.7499916553497314s
[2018-10-24 17:05:44,590][21176][data_read_file_server.py][line: 81][DEBUG] ## -----> 开始读取数据集
[2018-10-24 17:05:44,610][21176][data_read_file_server.py][line: 90][DEBUG] ## 数据大小：105
[2018-10-24 17:05:44,610][21176][data_read_file_server.py][line: 98][DEBUG] ## 读取完毕耗时: 0.02000284194946289s
[2018-10-24 17:05:44,610][21176][data_read_file_server.py][line: 99][DEBUG] ## date数据集大小：105
[2018-10-24 17:05:44,610][21176][data_read_file_server.py][line: 215][DEBUG] ## ------> 插入节点
[2018-10-24 17:05:44,620][21176][data_read_file_server.py][line: 223][DEBUG] ## 插入完毕耗时: 0.009995460510253906s
[2018-10-24 17:05:45,480][21176][model.py][line: 248][DEBUG] ## 数据集中最小PMI值为：16
[2018-10-24 17:05:45,480][21176][model.py][line: 249][DEBUG] ## 数据集中最大PMI值为：43
[2018-10-24 17:05:45,940][21176][demo_file_server.py][line: 46][INFO] ## 增加了5个新词, 词语和得分分别为
[2018-10-24 17:05:45,940][21176][demo_file_server.py][line: 47][DEBUG] ## #############################
[2018-10-24 17:05:45,950][21176][demo_file_server.py][line: 51][DEBUG] ## 营业厅查询,2.059
[2018-10-24 17:05:45,950][21176][demo_file_server.py][line: 51][DEBUG] ## 查询公建,1.64
[2018-10-24 17:05:45,950][21176][demo_file_server.py][line: 51][DEBUG] ## 查询费用,0.682
[2018-10-24 17:05:45,950][21176][demo_file_server.py][line: 51][DEBUG] ## 查询资料,0.647
[2018-10-24 17:05:45,950][21176][demo_file_server.py][line: 51][DEBUG] ## 公建资料,0.54
[2018-10-24 17:05:45,950][21176][demo_file_server.py][line: 52][DEBUG] ## #############################
[2018-10-24 17:05:46,230][21176][index.py][line: 55][DEBUG] ## 新词：营业厅查询,2.059##查询公建,1.64##查询费用,0.682##查询资料,0.647##公建资料,0.54
[2018-10-24 17:05:46,230][21176][index.py][line: 56][DEBUG] ## 互信息最小值：16.3679985412975
[2018-10-24 17:05:46,230][21176][index.py][line: 57][DEBUG] ## 互信息最大值：43.91639036381736
[2018-10-24 17:06:48,582][21176][index.py][line: 21][INFO] ## -------开始识别-------
[2018-10-24 17:06:48,582][21176][index.py][line: 25][DEBUG] ## 接收到的信息-----：
[2018-10-24 17:06:48,582][21176][index.py][line: 26][DEBUG] ## {'dicwordID': '0249d9e0cd1d11e8be95000c2961e520', 'dataID': '76842f44cd1d11e8be95000c2961e520', 'stopwordID': '0243e66ecd1d11e8be95000c2961e520', 'N': '5', 'PMI': '18'}
[2018-10-24 17:06:48,602][21176][data_read_file_server.py][line: 43][DEBUG] ## stopword停用词大小：1713
[2018-10-24 17:06:48,612][21176][data_read_file_server.py][line: 63][DEBUG] ## 自定义词大小：1
[2018-10-24 17:06:48,612][21176][data_read_file_server.py][line: 180][DEBUG] ## -----> 开始加载字典树
[2018-10-24 17:06:56,282][21176][data_read_file_server.py][line: 198][DEBUG] ## 加载字典树完毕耗时: 7.66999626159668s
[2018-10-24 17:06:56,282][21176][data_read_file_server.py][line: 81][DEBUG] ## -----> 开始读取数据集
[2018-10-24 17:06:56,302][21176][data_read_file_server.py][line: 90][DEBUG] ## 数据大小：105
[2018-10-24 17:06:56,302][21176][data_read_file_server.py][line: 98][DEBUG] ## 读取完毕耗时: 0.020232200622558594s
[2018-10-24 17:06:56,302][21176][data_read_file_server.py][line: 99][DEBUG] ## date数据集大小：105
[2018-10-24 17:06:56,302][21176][data_read_file_server.py][line: 215][DEBUG] ## ------> 插入节点
[2018-10-24 17:06:56,312][21176][data_read_file_server.py][line: 223][DEBUG] ## 插入完毕耗时: 0.009792804718017578s
[2018-10-24 17:06:57,162][21176][model.py][line: 248][DEBUG] ## 数据集中最小PMI值为：16
[2018-10-24 17:06:57,162][21176][model.py][line: 249][DEBUG] ## 数据集中最大PMI值为：43
[2018-10-24 17:06:57,632][21176][demo_file_server.py][line: 46][INFO] ## 增加了5个新词, 词语和得分分别为
[2018-10-24 17:06:57,632][21176][demo_file_server.py][line: 47][DEBUG] ## #############################
[2018-10-24 17:06:57,632][21176][demo_file_server.py][line: 51][DEBUG] ## 营业厅查询,2.059
[2018-10-24 17:06:57,632][21176][demo_file_server.py][line: 51][DEBUG] ## 查询公建,1.64
[2018-10-24 17:06:57,632][21176][demo_file_server.py][line: 51][DEBUG] ## 查询费用,0.682
[2018-10-24 17:06:57,632][21176][demo_file_server.py][line: 51][DEBUG] ## 查询资料,0.647
[2018-10-24 17:06:57,632][21176][demo_file_server.py][line: 51][DEBUG] ## 公建资料,0.54
[2018-10-24 17:06:57,632][21176][demo_file_server.py][line: 52][DEBUG] ## #############################
[2018-10-24 17:06:57,912][21176][index.py][line: 55][DEBUG] ## 新词：营业厅查询,2.059##查询公建,1.64##查询费用,0.682##查询资料,0.647##公建资料,0.54
[2018-10-24 17:06:57,912][21176][index.py][line: 56][DEBUG] ## 互信息最小值：16.3679985412975
[2018-10-24 17:06:57,912][21176][index.py][line: 57][DEBUG] ## 互信息最大值：43.91639036381736
[2018-10-24 17:15:04,889][21176][index.py][line: 21][INFO] ## -------开始识别-------
[2018-10-24 17:15:04,889][21176][index.py][line: 25][DEBUG] ## 接收到的信息-----：
[2018-10-24 17:15:04,889][21176][index.py][line: 26][DEBUG] ## {'dicwordID': '0249d9e0cd1d11e8be95000c2961e520', 'dataID': '76842f44cd1d11e8be95000c2961e520', 'stopwordID': '0243e66ecd1d11e8be95000c2961e520', 'N': '5', 'PMI': '18'}
[2018-10-24 17:15:04,909][21176][data_read_file_server.py][line: 43][DEBUG] ## stopword停用词大小：1713
[2018-10-24 17:15:04,919][21176][data_read_file_server.py][line: 63][DEBUG] ## 自定义词大小：1
[2018-10-24 17:15:04,919][21176][data_read_file_server.py][line: 180][DEBUG] ## -----> 开始加载字典树
[2018-10-24 17:15:12,739][21176][data_read_file_server.py][line: 198][DEBUG] ## 加载字典树完毕耗时: 7.820026159286499s
[2018-10-24 17:15:12,739][21176][data_read_file_server.py][line: 81][DEBUG] ## -----> 开始读取数据集
[2018-10-24 17:15:12,759][21176][data_read_file_server.py][line: 90][DEBUG] ## 数据大小：105
[2018-10-24 17:15:12,759][21176][data_read_file_server.py][line: 98][DEBUG] ## 读取完毕耗时: 0.019972801208496094s
[2018-10-24 17:15:12,759][21176][data_read_file_server.py][line: 99][DEBUG] ## date数据集大小：105
[2018-10-24 17:15:12,759][21176][data_read_file_server.py][line: 215][DEBUG] ## ------> 插入节点
[2018-10-24 17:15:12,759][21176][data_read_file_server.py][line: 223][DEBUG] ## 插入完毕耗时: 0.0s
[2018-10-24 17:15:13,609][21176][model.py][line: 248][DEBUG] ## 数据集中最小PMI值为：16
[2018-10-24 17:15:13,609][21176][model.py][line: 249][DEBUG] ## 数据集中最大PMI值为：43
[2018-10-24 17:15:14,079][21176][demo_file_server.py][line: 46][INFO] ## 增加了5个新词, 词语和得分分别为
[2018-10-24 17:15:14,079][21176][demo_file_server.py][line: 47][DEBUG] ## #############################
[2018-10-24 17:15:14,079][21176][demo_file_server.py][line: 51][DEBUG] ## 营业厅查询,2.059
[2018-10-24 17:15:14,079][21176][demo_file_server.py][line: 51][DEBUG] ## 查询公建,1.64
[2018-10-24 17:15:14,079][21176][demo_file_server.py][line: 51][DEBUG] ## 查询费用,0.682
[2018-10-24 17:15:14,079][21176][demo_file_server.py][line: 51][DEBUG] ## 查询资料,0.647
[2018-10-24 17:15:14,079][21176][demo_file_server.py][line: 51][DEBUG] ## 公建资料,0.54
[2018-10-24 17:15:14,079][21176][demo_file_server.py][line: 52][DEBUG] ## #############################
[2018-10-24 17:15:14,349][21176][index.py][line: 55][DEBUG] ## 新词：营业厅查询,2.059##查询公建,1.64##查询费用,0.682##查询资料,0.647##公建资料,0.54
[2018-10-24 17:15:14,349][21176][index.py][line: 56][DEBUG] ## 互信息最小值：16.3679985412975
[2018-10-24 17:15:14,349][21176][index.py][line: 57][DEBUG] ## 互信息最大值：43.91639036381736
[2018-10-24 17:21:05,013][21176][index.py][line: 21][INFO] ## -------开始识别-------
[2018-10-24 17:21:05,013][21176][index.py][line: 25][DEBUG] ## 接收到的信息-----：
[2018-10-24 17:21:05,013][21176][index.py][line: 26][DEBUG] ## {'dicwordID': '0249d9e0cd1d11e8be95000c2961e520', 'dataID': '76842f44cd1d11e8be95000c2961e520', 'stopwordID': '0243e66ecd1d11e8be95000c2961e520', 'N': '5', 'PMI': '18'}
[2018-10-24 17:21:05,033][21176][data_read_file_server.py][line: 43][DEBUG] ## stopword停用词大小：1713
[2018-10-24 17:21:05,053][21176][data_read_file_server.py][line: 63][DEBUG] ## 自定义词大小：1
[2018-10-24 17:21:05,053][21176][data_read_file_server.py][line: 180][DEBUG] ## -----> 开始加载字典树
[2018-10-24 17:21:12,823][21176][data_read_file_server.py][line: 198][DEBUG] ## 加载字典树完毕耗时: 7.769970417022705s
[2018-10-24 17:21:12,833][21176][data_read_file_server.py][line: 81][DEBUG] ## -----> 开始读取数据集
[2018-10-24 17:21:12,843][21176][data_read_file_server.py][line: 90][DEBUG] ## 数据大小：105
[2018-10-24 17:21:12,843][21176][data_read_file_server.py][line: 98][DEBUG] ## 读取完毕耗时: 0.010105609893798828s
[2018-10-24 17:21:12,843][21176][data_read_file_server.py][line: 99][DEBUG] ## date数据集大小：105
[2018-10-24 17:21:12,843][21176][data_read_file_server.py][line: 215][DEBUG] ## ------> 插入节点
[2018-10-24 17:21:12,843][21176][data_read_file_server.py][line: 223][DEBUG] ## 插入完毕耗时: 0.0s
[2018-10-24 17:21:13,703][21176][model.py][line: 248][DEBUG] ## 数据集中最小PMI值为：16
[2018-10-24 17:21:13,703][21176][model.py][line: 249][DEBUG] ## 数据集中最大PMI值为：43
[2018-10-24 17:21:14,163][21176][demo_file_server.py][line: 46][INFO] ## 增加了5个新词, 词语和得分分别为
[2018-10-24 17:21:14,163][21176][demo_file_server.py][line: 47][DEBUG] ## #############################
[2018-10-24 17:21:14,163][21176][demo_file_server.py][line: 51][DEBUG] ## 营业厅查询,2.059
[2018-10-24 17:21:14,163][21176][demo_file_server.py][line: 51][DEBUG] ## 查询公建,1.64
[2018-10-24 17:21:14,163][21176][demo_file_server.py][line: 51][DEBUG] ## 查询费用,0.682
[2018-10-24 17:21:14,163][21176][demo_file_server.py][line: 51][DEBUG] ## 查询资料,0.647
[2018-10-24 17:21:14,163][21176][demo_file_server.py][line: 51][DEBUG] ## 公建资料,0.54
[2018-10-24 17:21:14,173][21176][demo_file_server.py][line: 52][DEBUG] ## #############################
[2018-10-24 17:21:14,443][21176][index.py][line: 55][DEBUG] ## 新词：营业厅查询,2.059##查询公建,1.64##查询费用,0.682##查询资料,0.647##公建资料,0.54
[2018-10-24 17:21:14,443][21176][index.py][line: 56][DEBUG] ## 互信息最小值：16.3679985412975
[2018-10-24 17:21:14,443][21176][index.py][line: 57][DEBUG] ## 互信息最大值：43.91639036381736
