[2018-11-13 10:34:29,067][140090870805008][index.py][line: 100][DEBUG] ## 接收到的data：
[2018-11-13 10:34:29,068][140090870805008][index.py][line: 101][DEBUG] ## b'{"ip": "10.0.2.121:80", "up_url": "/fileManager/api/file/uploadFileP", "down_url": "/fileManager/api/file/downloadFileP", "access_url": "/api/gateway/ticket", "access_key": "33a832d7949c11e89024000c2961e520", "_init_companyId": "08d181119a7b4c0e94ff368942fd4420"}'
[2018-11-13 10:34:29,068][140090870805008][index.py][line: 103][DEBUG] ## 解析后的data：
[2018-11-13 10:34:29,068][140090870805008][index.py][line: 104][DEBUG] ## {'ip': '10.0.2.121:80', 'up_url': '/fileManager/api/file/uploadFileP', 'down_url': '/fileManager/api/file/downloadFileP', 'access_url': '/api/gateway/ticket', 'access_key': '33a832d7949c11e89024000c2961e520', '_init_companyId': '08d181119a7b4c0e94ff368942fd4420'}
[2018-11-13 11:11:53,273][140090870805008][index.py][line: 100][DEBUG] ## 接收到的data：
[2018-11-13 11:11:53,273][140090870805008][index.py][line: 101][DEBUG] ## b'{"down_url":"/fileManager/api/file/downloadFileP","_init_companyId":"08d181119a7b4c0e94ff368942fd4420","up_url":"/fileManager/api/file/uploadFileP","access_key":"33a832d7949c11e89024000c2961e520","access_url":"/api/gateway/ticket","ip":"10.0.2.121:80"}'
[2018-11-13 11:11:53,274][140090870805008][index.py][line: 103][DEBUG] ## 解析后的data：
[2018-11-13 11:11:53,274][140090870805008][index.py][line: 104][DEBUG] ## {'down_url': '/fileManager/api/file/downloadFileP', '_init_companyId': '08d181119a7b4c0e94ff368942fd4420', 'up_url': '/fileManager/api/file/uploadFileP', 'access_key': '33a832d7949c11e89024000c2961e520', 'access_url': '/api/gateway/ticket', 'ip': '10.0.2.121:80'}
[2018-11-13 11:11:53,315][140090870805008][index.py][line: 21][INFO] ## -------开始识别-------
[2018-11-13 11:11:53,316][140090870805008][index.py][line: 25][DEBUG] ## 接收到的信息-----：
[2018-11-13 11:11:53,316][140090870805008][index.py][line: 26][DEBUG] ## {'dataID': '76842f44cd1d11e8be95000c2961e520', 'stopwordID': '0243e66ecd1d11e8be95000c2961e520', 'N': '5', 'PMI': '18', 'dicwordID': '0249d9e0cd1d11e8be95000c2961e520'}
[2018-11-13 11:11:53,348][140090870805008][data_read_file_server.py][line: 43][DEBUG] ## stopword停用词大小：1713
[2018-11-13 11:11:53,361][140090870805008][data_read_file_server.py][line: 63][DEBUG] ## 自定义词大小：1
[2018-11-13 11:11:54,865][140090870805008][data_read_file_server.py][line: 180][DEBUG] ## -----> 开始加载字典树
[2018-11-13 11:12:12,860][140090870805008][data_read_file_server.py][line: 198][DEBUG] ## 加载字典树完毕耗时: 17.99452805519104s
[2018-11-13 11:12:12,860][140090870805008][data_read_file_server.py][line: 81][DEBUG] ## -----> 开始读取数据集
[2018-11-13 11:12:12,895][140090870805008][data_read_file_server.py][line: 90][DEBUG] ## 数据大小：105
[2018-11-13 11:12:12,902][140090870805008][data_read_file_server.py][line: 98][DEBUG] ## 读取完毕耗时: 0.04164910316467285s
[2018-11-13 11:12:12,902][140090870805008][data_read_file_server.py][line: 99][DEBUG] ## date数据集大小：105
[2018-11-13 11:12:12,903][140090870805008][data_read_file_server.py][line: 215][DEBUG] ## ------> 插入节点
[2018-11-13 11:12:12,907][140090870805008][data_read_file_server.py][line: 223][DEBUG] ## 插入完毕耗时: 0.003715038299560547s
[2018-11-13 11:12:13,941][140090870805008][model.py][line: 248][DEBUG] ## 数据集中最小PMI值为：16
[2018-11-13 11:12:13,942][140090870805008][model.py][line: 249][DEBUG] ## 数据集中最大PMI值为：43
[2018-11-13 11:12:14,415][140090870805008][demo_file_server.py][line: 46][INFO] ## 增加了5个新词, 词语和得分分别为
[2018-11-13 11:12:14,416][140090870805008][demo_file_server.py][line: 47][DEBUG] ## #############################
[2018-11-13 11:12:14,416][140090870805008][demo_file_server.py][line: 51][DEBUG] ## 营业厅查询,2.059
[2018-11-13 11:12:14,416][140090870805008][demo_file_server.py][line: 51][DEBUG] ## 查询公建,1.64
[2018-11-13 11:12:14,416][140090870805008][demo_file_server.py][line: 51][DEBUG] ## 查询费用,0.682
[2018-11-13 11:12:14,416][140090870805008][demo_file_server.py][line: 51][DEBUG] ## 查询资料,0.647
[2018-11-13 11:12:14,417][140090870805008][demo_file_server.py][line: 51][DEBUG] ## 公建资料,0.54
[2018-11-13 11:12:14,417][140090870805008][demo_file_server.py][line: 52][DEBUG] ## #############################
[2018-11-13 11:12:14,507][140090870805008][index.py][line: 55][DEBUG] ## 新词：营业厅查询,2.059##查询公建,1.64##查询费用,0.682##查询资料,0.647##公建资料,0.54
[2018-11-13 11:12:14,507][140090870805008][index.py][line: 56][DEBUG] ## 互信息最小值：16.3679985412975
[2018-11-13 11:12:14,508][140090870805008][index.py][line: 57][DEBUG] ## 互信息最大值：43.91639036381736
[2018-11-13 11:25:25,499][140090870805160][index.py][line: 100][DEBUG] ## 接收到的data：
[2018-11-13 11:25:25,500][140090870805160][index.py][line: 101][DEBUG] ## b'{"down_url":"/fileManager/api/file/downloadFileP","_init_companyId":"08d181119a7b4c0e94ff368942fd4420","up_url":"/fileManager/api/file/uploadFileP","access_key":"33a832d7949c11e89024000c2961e520","access_url":"/api/gateway/ticket","ip":"10.0.2.121:80"}'
[2018-11-13 11:25:25,500][140090870805160][index.py][line: 103][DEBUG] ## 解析后的data：
[2018-11-13 11:25:25,500][140090870805160][index.py][line: 104][DEBUG] ## {'down_url': '/fileManager/api/file/downloadFileP', '_init_companyId': '08d181119a7b4c0e94ff368942fd4420', 'up_url': '/fileManager/api/file/uploadFileP', 'access_key': '33a832d7949c11e89024000c2961e520', 'access_url': '/api/gateway/ticket', 'ip': '10.0.2.121:80'}
