[2018-10-25 10:09:43,423][35820][index.py][line: 104][WARNING] ## 请求失败或请求加载失败!!!
[2018-10-25 10:10:13,193][37312][index.py][line: 104][WARNING] ## 请求失败或请求加载失败!!!
[2018-10-25 10:11:33,963][36952][index.py][line: 100][DEBUG] ## 接收到的data：
[2018-10-25 10:11:33,963][36952][index.py][line: 101][DEBUG] ## b'{"access_key": "33a832d7949c11e89024000c2961e520", "access_url": "/api/gateway/ticket", "up_url": "/fileManager/api/file/uploadFileP", "ip": "10.0.2.121:80", "_init_companyId": "08d181119a7b4c0e94ff368942fd4420", "down_url": "/fileManager/api/file/downloadFileP"}'
[2018-10-25 10:11:33,963][36952][index.py][line: 103][DEBUG] ## 解析后的data：
[2018-10-25 10:11:33,963][36952][index.py][line: 104][DEBUG] ## {'ip': '10.0.2.121:80', '_init_companyId': '08d181119a7b4c0e94ff368942fd4420', 'up_url': '/fileManager/api/file/uploadFileP', 'down_url': '/fileManager/api/file/downloadFileP', 'access_url': '/api/gateway/ticket', 'access_key': '33a832d7949c11e89024000c2961e520'}
[2018-10-25 10:34:46,090][35296][index.py][line: 100][DEBUG] ## 接收到的data：
[2018-10-25 10:34:46,090][35296][index.py][line: 101][DEBUG] ## b'{"ip": "10.0.2.121:80", "access_url": "/api/gateway/ticket", "down_url": "/fileManager/api/file/downloadFileP", "_init_companyId": "08d181119a7b4c0e94ff368942fd4420", "up_url": "/fileManager/api/file/uploadFileP", "access_key": "33a832d7949c11e89024000c2961e520"}'
[2018-10-25 10:34:46,090][35296][index.py][line: 103][DEBUG] ## 解析后的data：
[2018-10-25 10:34:46,090][35296][index.py][line: 104][DEBUG] ## {'up_url': '/fileManager/api/file/uploadFileP', 'down_url': '/fileManager/api/file/downloadFileP', 'access_url': '/api/gateway/ticket', '_init_companyId': '08d181119a7b4c0e94ff368942fd4420', 'access_key': '33a832d7949c11e89024000c2961e520', 'ip': '10.0.2.121:80'}
[2018-10-25 10:35:39,320][35296][index.py][line: 100][DEBUG] ## 接收到的data：
[2018-10-25 10:35:39,320][35296][index.py][line: 101][DEBUG] ## b'{"down_url":"/fileManager/api/file/downloadFileP","_init_companyId":"08d181119a7b4c0e94ff368942fd4420","up_url":"/fileManager/api/file/uploadFileP","access_key":"33a832d7949c11e89024000c2961e520","access_url":"/api/gateway/ticket","ip":"10.0.2.121:80"}'
[2018-10-25 10:35:39,320][35296][index.py][line: 103][DEBUG] ## 解析后的data：
[2018-10-25 10:35:39,320][35296][index.py][line: 104][DEBUG] ## {'up_url': '/fileManager/api/file/uploadFileP', 'ip': '10.0.2.121:80', 'down_url': '/fileManager/api/file/downloadFileP', '_init_companyId': '08d181119a7b4c0e94ff368942fd4420', 'access_key': '33a832d7949c11e89024000c2961e520', 'access_url': '/api/gateway/ticket'}
[2018-10-25 11:13:41,850][35296][index.py][line: 21][INFO] ## -------开始识别-------
[2018-10-25 11:13:41,850][35296][index.py][line: 25][DEBUG] ## 接收到的信息-----：
[2018-10-25 11:13:41,850][35296][index.py][line: 26][DEBUG] ## {'dataID': '76842f44cd1d11e8be95000c2961e520', 'dicwordID': '0249d9e0cd1d11e8be95000c2961e520', 'PMI': '18', 'stopwordID': '0243e66ecd1d11e8be95000c2961e520', 'N': '5'}
[2018-10-25 11:13:41,880][35296][data_read_file_server.py][line: 43][DEBUG] ## stopword停用词大小：1713
[2018-10-25 11:13:41,890][35296][data_read_file_server.py][line: 63][DEBUG] ## 自定义词大小：1
[2018-10-25 11:13:42,610][35296][data_read_file_server.py][line: 180][DEBUG] ## -----> 开始加载字典树
[2018-10-25 11:13:50,440][35296][data_read_file_server.py][line: 198][DEBUG] ## 加载字典树完毕耗时: 7.829968690872192s
[2018-10-25 11:13:50,440][35296][data_read_file_server.py][line: 81][DEBUG] ## -----> 开始读取数据集
[2018-10-25 11:13:50,460][35296][data_read_file_server.py][line: 90][DEBUG] ## 数据大小：105
[2018-10-25 11:13:50,460][35296][data_read_file_server.py][line: 98][DEBUG] ## 读取完毕耗时: 0.020252704620361328s
[2018-10-25 11:13:50,460][35296][data_read_file_server.py][line: 99][DEBUG] ## date数据集大小：105
[2018-10-25 11:13:50,460][35296][data_read_file_server.py][line: 215][DEBUG] ## ------> 插入节点
[2018-10-25 11:13:50,460][35296][data_read_file_server.py][line: 223][DEBUG] ## 插入完毕耗时: 0.0s
[2018-10-25 11:13:51,310][35296][model.py][line: 248][DEBUG] ## 数据集中最小PMI值为：16
[2018-10-25 11:13:51,310][35296][model.py][line: 249][DEBUG] ## 数据集中最大PMI值为：43
[2018-10-25 11:13:51,760][35296][demo_file_server.py][line: 46][INFO] ## 增加了5个新词, 词语和得分分别为
[2018-10-25 11:13:51,760][35296][demo_file_server.py][line: 47][DEBUG] ## #############################
[2018-10-25 11:13:51,760][35296][demo_file_server.py][line: 51][DEBUG] ## 营业厅查询,2.059
[2018-10-25 11:13:51,760][35296][demo_file_server.py][line: 51][DEBUG] ## 查询公建,1.64
[2018-10-25 11:13:51,760][35296][demo_file_server.py][line: 51][DEBUG] ## 查询费用,0.682
[2018-10-25 11:13:51,760][35296][demo_file_server.py][line: 51][DEBUG] ## 查询资料,0.647
[2018-10-25 11:13:51,760][35296][demo_file_server.py][line: 51][DEBUG] ## 公建资料,0.54
[2018-10-25 11:13:51,760][35296][demo_file_server.py][line: 52][DEBUG] ## #############################
[2018-10-25 11:13:52,060][35296][index.py][line: 55][DEBUG] ## 新词：营业厅查询,2.059##查询公建,1.64##查询费用,0.682##查询资料,0.647##公建资料,0.54
[2018-10-25 11:13:52,060][35296][index.py][line: 56][DEBUG] ## 互信息最小值：16.3679985412975
[2018-10-25 11:13:52,060][35296][index.py][line: 57][DEBUG] ## 互信息最大值：43.91639036381736
[2018-10-25 11:14:38,387][35296][index.py][line: 21][INFO] ## -------开始识别-------
[2018-10-25 11:14:38,387][35296][index.py][line: 25][DEBUG] ## 接收到的信息-----：
[2018-10-25 11:14:38,387][35296][index.py][line: 26][DEBUG] ## {'N': '5', 'PMI': '18', 'dicwordID': '0249d9e0cd1d11e8be95000c2961e520', 'text': '贷记卡申请进度查询##贷记卡额度查询##贷记卡查询自扣还款账号##贷记卡账单头查询##贷记卡未出账单明细查询##贷记卡已出账单明细查询##贷记卡积分查询##贷记卡账单寄送方式查询##贷记卡挂失##贷记卡新卡激活##贷记卡到期续卡激活##贷记卡设置自扣还款账号##贷记卡小额免密管理##贷记卡自助还款##贷记卡申请账单分期##代缴费业务缴费交通罚款##代缴费业务缴费通讯费##白金卡查询积分##白金卡查询增值业务##借记卡设备卡挂失##借记卡设备卡解挂##借记卡设备卡解锁##借记卡设备卡锁定##借记卡设备卡注销##借记卡查询活期余额##借记卡查询历史明细##借记卡查询定期信息##借记卡查询开户行##借记卡查询短信通知##借记卡预转账##存折查询活期余额##存折查询历史明细##存折查询定期信息##存折查询开户行##存折查询短信通知##公司业务查询活期余额##公司业务查询历史明细##公司业务查询定期信息##公司业务查询活期支票信息##贷款业务查询贷款信息##贷款业务查询贷款还款计划##理财产品推荐查询##借记卡挂失##借记卡重置查询密码##借记卡修改查询密码##借记卡修改交易密码##借记卡修改短信通知号码##借记卡撤销预转账##借记卡解除短信通知##借记卡开通短信通知##存折挂失##存折重置查询密码##存折修改查询密码##存折修改交易密码##存折修改短信通知号码##存折撤销预转账##存折解除短信通知##存折开通短信通知##贷款业务自助还款##存折活期转定期##存折定期转活期##借记卡活期转定期##借记卡定期转活期##借记卡预转账提交##存折预转账提交##贷记卡设备卡挂失##贷记卡设备卡解挂##贷记卡设备卡解锁##贷记卡设备卡锁定##贷记卡设备卡注销', 'stopwordID': '0243e66ecd1d11e8be95000c2961e520'}
[2018-10-25 11:14:38,417][35296][data_read_file_server.py][line: 43][DEBUG] ## stopword停用词大小：1713
[2018-10-25 11:14:38,427][35296][data_read_file_server.py][line: 63][DEBUG] ## 自定义词大小：1
[2018-10-25 11:14:38,427][35296][data_read_file_server.py][line: 180][DEBUG] ## -----> 开始加载字典树
[2018-10-25 11:14:46,267][35296][data_read_file_server.py][line: 198][DEBUG] ## 加载字典树完毕耗时: 7.839749097824097s
[2018-10-25 11:14:46,267][35296][data_read_file_server.py][line: 115][DEBUG] ## -----> 开始解析text数据集
[2018-10-25 11:14:46,267][35296][data_read_file_server.py][line: 119][DEBUG] ## 数据大小：70
[2018-10-25 11:14:46,277][35296][data_read_file_server.py][line: 127][DEBUG] ## 解析完毕耗时: 0.010006904602050781s
[2018-10-25 11:14:46,277][35296][data_read_file_server.py][line: 128][DEBUG] ## date数据集大小：70
[2018-10-25 11:14:46,277][35296][data_read_file_server.py][line: 215][DEBUG] ## ------> 插入节点
[2018-10-25 11:14:46,277][35296][data_read_file_server.py][line: 223][DEBUG] ## 插入完毕耗时: 0.0s
[2018-10-25 11:14:47,147][35296][model.py][line: 248][DEBUG] ## 数据集中最小PMI值为：17
[2018-10-25 11:14:47,147][35296][model.py][line: 249][DEBUG] ## 数据集中最大PMI值为：38
[2018-10-25 11:14:47,607][35296][demo_file_server.py][line: 46][INFO] ## 增加了5个新词, 词语和得分分别为
[2018-10-25 11:14:47,607][35296][demo_file_server.py][line: 47][DEBUG] ## #############################
[2018-10-25 11:14:47,607][35296][demo_file_server.py][line: 51][DEBUG] ## 短信通知,0.971
[2018-10-25 11:14:47,607][35296][demo_file_server.py][line: 51][DEBUG] ## 设备卡,0.883
[2018-10-25 11:14:47,607][35296][demo_file_server.py][line: 51][DEBUG] ## 预转账,0.732
[2018-10-25 11:14:47,607][35296][demo_file_server.py][line: 51][DEBUG] ## 借记卡查询,0.715
[2018-10-25 11:14:47,607][35296][demo_file_server.py][line: 51][DEBUG] ## 存折查询,0.702
[2018-10-25 11:14:47,607][35296][demo_file_server.py][line: 52][DEBUG] ## #############################
[2018-10-25 11:14:47,887][35296][index.py][line: 55][DEBUG] ## 新词：短信通知,0.971##设备卡,0.883##预转账,0.732##借记卡查询,0.715##存折查询,0.702
[2018-10-25 11:14:47,897][35296][index.py][line: 56][DEBUG] ## 互信息最小值：17.553597908318537
[2018-10-25 11:14:47,897][35296][index.py][line: 57][DEBUG] ## 互信息最大值：38.86255637753631
[2018-10-25 11:15:15,257][35296][index.py][line: 21][INFO] ## -------开始识别-------
[2018-10-25 11:15:15,257][35296][index.py][line: 25][DEBUG] ## 接收到的信息-----：
[2018-10-25 11:15:15,267][35296][index.py][line: 26][DEBUG] ## {'dataID': '76842f44cd1d11e8be95000c2961e520', 'dicwordID': '0249d9e0cd1d11e8be95000c2961e520', 'PMI': '18', 'stopwordID': '0243e66ecd1d11e8be95000c2961e520', 'N': '5'}
[2018-10-25 11:15:15,287][35296][data_read_file_server.py][line: 43][DEBUG] ## stopword停用词大小：1713
[2018-10-25 11:15:15,297][35296][data_read_file_server.py][line: 63][DEBUG] ## 自定义词大小：1
[2018-10-25 11:15:15,297][35296][data_read_file_server.py][line: 180][DEBUG] ## -----> 开始加载字典树
[2018-10-25 11:15:23,217][35296][data_read_file_server.py][line: 198][DEBUG] ## 加载字典树完毕耗时: 7.919778823852539s
[2018-10-25 11:15:23,217][35296][data_read_file_server.py][line: 81][DEBUG] ## -----> 开始读取数据集
[2018-10-25 11:15:23,237][35296][data_read_file_server.py][line: 90][DEBUG] ## 数据大小：105
[2018-10-25 11:15:23,237][35296][data_read_file_server.py][line: 98][DEBUG] ## 读取完毕耗时: 0.020215988159179688s
[2018-10-25 11:15:23,237][35296][data_read_file_server.py][line: 99][DEBUG] ## date数据集大小：105
[2018-10-25 11:15:23,237][35296][data_read_file_server.py][line: 215][DEBUG] ## ------> 插入节点
[2018-10-25 11:15:23,237][35296][data_read_file_server.py][line: 223][DEBUG] ## 插入完毕耗时: 0.0s
[2018-10-25 11:15:24,117][35296][model.py][line: 248][DEBUG] ## 数据集中最小PMI值为：16
[2018-10-25 11:15:24,117][35296][model.py][line: 249][DEBUG] ## 数据集中最大PMI值为：43
[2018-10-25 11:15:24,587][35296][demo_file_server.py][line: 46][INFO] ## 增加了5个新词, 词语和得分分别为
[2018-10-25 11:15:24,587][35296][demo_file_server.py][line: 47][DEBUG] ## #############################
[2018-10-25 11:15:24,587][35296][demo_file_server.py][line: 51][DEBUG] ## 营业厅查询,2.059
[2018-10-25 11:15:24,597][35296][demo_file_server.py][line: 51][DEBUG] ## 查询公建,1.64
[2018-10-25 11:15:24,597][35296][demo_file_server.py][line: 51][DEBUG] ## 查询费用,0.682
[2018-10-25 11:15:24,597][35296][demo_file_server.py][line: 51][DEBUG] ## 查询资料,0.647
[2018-10-25 11:15:24,597][35296][demo_file_server.py][line: 51][DEBUG] ## 公建资料,0.54
[2018-10-25 11:15:24,597][35296][demo_file_server.py][line: 52][DEBUG] ## #############################
[2018-10-25 11:15:24,877][35296][index.py][line: 55][DEBUG] ## 新词：营业厅查询,2.059##查询公建,1.64##查询费用,0.682##查询资料,0.647##公建资料,0.54
[2018-10-25 11:15:24,877][35296][index.py][line: 56][DEBUG] ## 互信息最小值：16.3679985412975
[2018-10-25 11:15:24,877][35296][index.py][line: 57][DEBUG] ## 互信息最大值：43.91639036381736
[2018-10-25 11:22:29,107][35296][index.py][line: 21][INFO] ## -------开始识别-------
[2018-10-25 11:22:29,107][35296][index.py][line: 25][DEBUG] ## 接收到的信息-----：
[2018-10-25 11:22:29,107][35296][index.py][line: 26][DEBUG] ## {'dataID': '76842f44cd1d11e8be95000c2961e520', 'dicwordID': '0249d9e0cd1d11e8be95000c2961e520', 'PMI': '18', 'stopwordID': '0243e66ecd1d11e8be95000c2961e520', 'N': '5'}
[2018-10-25 11:22:29,137][35296][data_read_file_server.py][line: 43][DEBUG] ## stopword停用词大小：1713
[2018-10-25 11:22:29,147][35296][data_read_file_server.py][line: 63][DEBUG] ## 自定义词大小：1
[2018-10-25 11:22:29,147][35296][data_read_file_server.py][line: 180][DEBUG] ## -----> 开始加载字典树
[2018-10-25 11:22:36,907][35296][data_read_file_server.py][line: 198][DEBUG] ## 加载字典树完毕耗时: 7.759938478469849s
[2018-10-25 11:22:36,907][35296][data_read_file_server.py][line: 81][DEBUG] ## -----> 开始读取数据集
[2018-10-25 11:22:36,917][35296][data_read_file_server.py][line: 90][DEBUG] ## 数据大小：105
[2018-10-25 11:22:36,927][35296][data_read_file_server.py][line: 98][DEBUG] ## 读取完毕耗时: 0.020026683807373047s
[2018-10-25 11:22:36,927][35296][data_read_file_server.py][line: 99][DEBUG] ## date数据集大小：105
[2018-10-25 11:22:36,927][35296][data_read_file_server.py][line: 215][DEBUG] ## ------> 插入节点
[2018-10-25 11:22:36,927][35296][data_read_file_server.py][line: 223][DEBUG] ## 插入完毕耗时: 0.0s
[2018-10-25 11:22:37,767][35296][model.py][line: 248][DEBUG] ## 数据集中最小PMI值为：16
[2018-10-25 11:22:37,767][35296][model.py][line: 249][DEBUG] ## 数据集中最大PMI值为：43
[2018-10-25 11:22:38,217][35296][demo_file_server.py][line: 46][INFO] ## 增加了5个新词, 词语和得分分别为
[2018-10-25 11:22:38,217][35296][demo_file_server.py][line: 47][DEBUG] ## #############################
[2018-10-25 11:22:38,217][35296][demo_file_server.py][line: 51][DEBUG] ## 营业厅查询,2.059
[2018-10-25 11:22:38,217][35296][demo_file_server.py][line: 51][DEBUG] ## 查询公建,1.64
[2018-10-25 11:22:38,217][35296][demo_file_server.py][line: 51][DEBUG] ## 查询费用,0.682
[2018-10-25 11:22:38,217][35296][demo_file_server.py][line: 51][DEBUG] ## 查询资料,0.647
[2018-10-25 11:22:38,217][35296][demo_file_server.py][line: 51][DEBUG] ## 公建资料,0.54
[2018-10-25 11:22:38,217][35296][demo_file_server.py][line: 52][DEBUG] ## #############################
[2018-10-25 11:22:38,497][35296][index.py][line: 55][DEBUG] ## 新词：营业厅查询,2.059##查询公建,1.64##查询费用,0.682##查询资料,0.647##公建资料,0.54
[2018-10-25 11:22:38,497][35296][index.py][line: 56][DEBUG] ## 互信息最小值：16.3679985412975
[2018-10-25 11:22:38,497][35296][index.py][line: 57][DEBUG] ## 互信息最大值：43.91639036381736
