[2018-10-25 13:31:33,194][35296][index.py][line: 21][INFO] ## -------开始识别-------
[2018-10-25 13:31:33,204][35296][index.py][line: 25][DEBUG] ## 接收到的信息-----：
[2018-10-25 13:31:33,204][35296][index.py][line: 26][DEBUG] ## {'dicwordID': '0249d9e0cd1d11e8be95000c2961e520', 'text': '燃气费查询##滞纳金查询##滞纳金查询时间##缴纳查询记录##缴纳查询时间##燃气费查询居民收费标准##燃气费查询公建收费标准##缴纳方式查询##缴费查询支付宝##银行代扣查询##抄表办理##抄表上门办理##抄表自助咨询##抄表咨询##抄表咨询时间##抄表咨询度数##编号查询##阶梯价咨询##阶梯价咨询收费标准##更名办理##更名查询资料##更名查询公建资料##更名查询费用##更名查询公建费用##开户办理##开户查询条件##开户查询资料##开户查询公建资料##开户查询费用##开户查询公建费用##开户查询优惠##开户查询公建优惠##过户办理##过户查询条件##过户查询资料##过户查询公建资料##过户查询费用##过户查询生效时间##营业厅查询地址##营业厅查询时间##营业厅查询滨江区地址##营业厅查询滨江区时间##营业厅查询上城区地址##营业厅查询上城区时间##营业厅查询下城区地址##营业厅查询下城区时间##营业厅查询拱墅区地址##营业厅查询拱墅区时间##营业厅查询江干区地址##营业厅查询江干区时间##营业厅查询西湖区地址##营业厅查询西湖区时间##通气咨询##通气办理##换表咨询##换表办理##来电短信咨询##停气咨询##电话更改##电话取消##抢修取消##漏气抢修##煤气维修##管道维修故障##点火维修故障##燃气表维修故障##灶具维修故障##换管维修##点火咨询费用##点火上门咨询时间##点火咨询准备##点火预约##安装咨询费用##安装上门咨询时间##安装咨询准备##安装预约##19服务厅咨询##立管改动##定制化服务咨询##安检咨询##金属波纹管查询价格##金属波纹管查询使用年限##拆改办理##拆改查询资料##拆改查询费用##拆改查询范围##拆改查询公建资料##拆改查询公建费用##拆改查询公建范围##拆改咨询优惠政策##拆改咨询公建优惠政策##拆改咨询时间##退户办理##退户查询资料##退户查询费用##退户查询范围##退户查询时间##退户咨询优惠政策##气源咨询##多人口查询有效期##多人口查询优惠政策##多人口办理##多人口查询条件##多人口查询资料##多人口查询费用', 'stopwordID': '0243e66ecd1d11e8be95000c2961e520', 'N': '5', 'PMI': '18'}
[2018-10-25 13:31:33,234][35296][data_read_file_server.py][line: 43][DEBUG] ## stopword停用词大小：1713
[2018-10-25 13:31:33,244][35296][data_read_file_server.py][line: 63][DEBUG] ## 自定义词大小：1
[2018-10-25 13:31:33,244][35296][data_read_file_server.py][line: 180][DEBUG] ## -----> 开始加载字典树
[2018-10-25 13:31:41,124][35296][data_read_file_server.py][line: 198][DEBUG] ## 加载字典树完毕耗时: 7.879925966262817s
[2018-10-25 13:31:41,124][35296][data_read_file_server.py][line: 115][DEBUG] ## -----> 开始解析text数据集
[2018-10-25 13:31:41,124][35296][data_read_file_server.py][line: 119][DEBUG] ## 数据大小：105
[2018-10-25 13:31:41,134][35296][data_read_file_server.py][line: 127][DEBUG] ## 解析完毕耗时: 0.009998321533203125s
[2018-10-25 13:31:41,134][35296][data_read_file_server.py][line: 128][DEBUG] ## date数据集大小：105
[2018-10-25 13:31:41,134][35296][data_read_file_server.py][line: 215][DEBUG] ## ------> 插入节点
[2018-10-25 13:31:41,134][35296][data_read_file_server.py][line: 223][DEBUG] ## 插入完毕耗时: 0.0s
[2018-10-25 13:31:41,974][35296][model.py][line: 248][DEBUG] ## 数据集中最小PMI值为：16
[2018-10-25 13:31:41,974][35296][model.py][line: 249][DEBUG] ## 数据集中最大PMI值为：43
[2018-10-25 13:31:42,424][35296][demo_file_server.py][line: 46][INFO] ## 增加了5个新词, 词语和得分分别为
[2018-10-25 13:31:42,424][35296][demo_file_server.py][line: 47][DEBUG] ## #############################
[2018-10-25 13:31:42,424][35296][demo_file_server.py][line: 51][DEBUG] ## 营业厅查询,2.059
[2018-10-25 13:31:42,424][35296][demo_file_server.py][line: 51][DEBUG] ## 查询公建,1.64
[2018-10-25 13:31:42,424][35296][demo_file_server.py][line: 51][DEBUG] ## 查询费用,0.682
[2018-10-25 13:31:42,424][35296][demo_file_server.py][line: 51][DEBUG] ## 查询资料,0.647
[2018-10-25 13:31:42,424][35296][demo_file_server.py][line: 51][DEBUG] ## 公建资料,0.54
[2018-10-25 13:31:42,424][35296][demo_file_server.py][line: 52][DEBUG] ## #############################
[2018-10-25 13:31:42,694][35296][index.py][line: 55][DEBUG] ## 新词：营业厅查询,2.059##查询公建,1.64##查询费用,0.682##查询资料,0.647##公建资料,0.54
[2018-10-25 13:31:42,694][35296][index.py][line: 56][DEBUG] ## 互信息最小值：16.3679985412975
[2018-10-25 13:31:42,694][35296][index.py][line: 57][DEBUG] ## 互信息最大值：43.91639036381736
